{
  "stats": {
    "suites": 22,
    "tests": 45,
    "passes": 45,
    "pending": 0,
    "failures": 0,
    "testsRegistered": 45,
    "passPercent": 100,
    "pendingPercent": 0,
    "other": 0,
    "hasOther": false,
    "skipped": 0,
    "hasSkipped": false,
    "start": "2024-03-17T14:25:44.575Z",
    "end": "2024-03-17T14:27:10.786Z",
    "duration": 86211
  },
  "results": [
    {
      "uuid": "3c8f7dce-c4d3-4d92-9807-877dd8fc1777",
      "title": "",
      "fullFile": "cypress/e2e/other/hooks.cy.js",
      "file": "cypress/e2e/other/hooks.cy.js",
      "beforeHooks": [],
      "afterHooks": [],
      "tests": [],
      "suites": [
        {
          "uuid": "f5aaaefc-1dea-4f67-a1ff-e0a8dfba3408",
          "title": "Hooks",
          "fullFile": "",
          "file": "",
          "beforeHooks": [],
          "afterHooks": [],
          "tests": [
            {
              "title": "Example test1",
              "fullTitle": "Hooks Example test1",
              "timedOut": null,
              "duration": 94,
              "state": "passed",
              "speed": "fast",
              "pass": true,
              "fail": false,
              "pending": false,
              "context": null,
              "code": "cy.log(\"Example test1!\");",
              "err": {},
              "uuid": "8ec59e18-2484-4162-9da5-ceae80c5a6a1",
              "parentUUID": "f5aaaefc-1dea-4f67-a1ff-e0a8dfba3408",
              "isHook": false,
              "skipped": false
            },
            {
              "title": "Example test2",
              "fullTitle": "Hooks Example test2",
              "timedOut": null,
              "duration": 47,
              "state": "passed",
              "speed": "fast",
              "pass": true,
              "fail": false,
              "pending": false,
              "context": null,
              "code": "cy.log(\"Example test2!\");",
              "err": {},
              "uuid": "15c39c16-3e8c-4975-9be9-976bcadcb536",
              "parentUUID": "f5aaaefc-1dea-4f67-a1ff-e0a8dfba3408",
              "isHook": false,
              "skipped": false
            }
          ],
          "suites": [],
          "passes": [
            "8ec59e18-2484-4162-9da5-ceae80c5a6a1",
            "15c39c16-3e8c-4975-9be9-976bcadcb536"
          ],
          "failures": [],
          "pending": [],
          "skipped": [],
          "duration": 141,
          "root": false,
          "rootEmpty": false,
          "_timeout": 2000
        }
      ],
      "passes": [],
      "failures": [],
      "pending": [],
      "skipped": [],
      "duration": 0,
      "root": true,
      "rootEmpty": true,
      "_timeout": 2000
    },
    {
      "uuid": "2ac79c90-5d93-4bdf-b834-6db46d455d2c",
      "title": "",
      "fullFile": "cypress/e2e/other/same-origin-policy.cy.js",
      "file": "cypress/e2e/other/same-origin-policy.cy.js",
      "beforeHooks": [],
      "afterHooks": [],
      "tests": [],
      "suites": [
        {
          "uuid": "fc79133f-3a5b-4c85-b9eb-dde1b552b83c",
          "title": "Cypress web security",
          "fullFile": "",
          "file": "",
          "beforeHooks": [],
          "afterHooks": [],
          "tests": [
            {
              "title": "Validate visiting two different domains",
              "fullTitle": "Cypress web security Validate visiting two different domains",
              "timedOut": null,
              "duration": 2282,
              "state": "passed",
              "speed": "fast",
              "pass": true,
              "fail": false,
              "pending": false,
              "context": null,
              "code": "// Test will not pass\ncy.visit(\"https://webdriveruniversity.com/\");\ncy.visit(\"https://www.google.com\");",
              "err": {},
              "uuid": "7152ac4c-cecf-47aa-84b6-ca3bed0a6e16",
              "parentUUID": "fc79133f-3a5b-4c85-b9eb-dde1b552b83c",
              "isHook": false,
              "skipped": false
            },
            {
              "title": "Validate visiting two different domains via user actions",
              "fullTitle": "Cypress web security Validate visiting two different domains via user actions",
              "timedOut": null,
              "duration": 1566,
              "state": "passed",
              "speed": "fast",
              "pass": true,
              "fail": false,
              "pending": false,
              "context": null,
              "code": "cy.visit(\"https://webdriveruniversity.com/\");\ncy.get(\"#automation-test-store\").invoke(\"removeAttr\", \"target\").click();",
              "err": {},
              "uuid": "86b37131-e81d-4203-80ab-a52752946bff",
              "parentUUID": "fc79133f-3a5b-4c85-b9eb-dde1b552b83c",
              "isHook": false,
              "skipped": false
            }
          ],
          "suites": [],
          "passes": [
            "7152ac4c-cecf-47aa-84b6-ca3bed0a6e16",
            "86b37131-e81d-4203-80ab-a52752946bff"
          ],
          "failures": [],
          "pending": [],
          "skipped": [],
          "duration": 3848,
          "root": false,
          "rootEmpty": false,
          "_timeout": 2000
        }
      ],
      "passes": [],
      "failures": [],
      "pending": [],
      "skipped": [],
      "duration": 0,
      "root": true,
      "rootEmpty": true,
      "_timeout": 2000
    },
    {
      "uuid": "cdcc8918-cb4c-4d0f-975f-969708288817",
      "title": "",
      "fullFile": "cypress/e2e/automation-test-store/add-multiple-items-to-basket.cy.js",
      "file": "cypress/e2e/automation-test-store/add-multiple-items-to-basket.cy.js",
      "beforeHooks": [],
      "afterHooks": [],
      "tests": [],
      "suites": [
        {
          "uuid": "8cf75129-f17c-4aea-8bb7-568ceae6ad2e",
          "title": "Add multiple items to basket",
          "fullFile": "",
          "file": "",
          "beforeHooks": [],
          "afterHooks": [],
          "tests": [
            {
              "title": "Add specific items to basket",
              "fullTitle": "Add multiple items to basket Add specific items to basket",
              "timedOut": null,
              "duration": 2435,
              "state": "passed",
              "speed": "fast",
              "pass": true,
              "fail": false,
              "pending": false,
              "context": null,
              "code": "autoStore_HairCare_PO.addHairCareProductsToBasket();",
              "err": {},
              "uuid": "c227cc9b-1f2a-477c-bf02-0888b1e0b343",
              "parentUUID": "8cf75129-f17c-4aea-8bb7-568ceae6ad2e",
              "isHook": false,
              "skipped": false
            }
          ],
          "suites": [],
          "passes": [
            "c227cc9b-1f2a-477c-bf02-0888b1e0b343"
          ],
          "failures": [],
          "pending": [],
          "skipped": [],
          "duration": 2435,
          "root": false,
          "rootEmpty": false,
          "_timeout": 2000
        }
      ],
      "passes": [],
      "failures": [],
      "pending": [],
      "skipped": [],
      "duration": 0,
      "root": true,
      "rootEmpty": true,
      "_timeout": 2000
    },
    {
      "uuid": "2b22009a-91d4-4113-a573-b93b0e9a93c1",
      "title": "",
      "fullFile": "cypress/e2e/automation-test-store/alias-invoke.cy.js",
      "file": "cypress/e2e/automation-test-store/alias-invoke.cy.js",
      "beforeHooks": [],
      "afterHooks": [],
      "tests": [],
      "suites": [
        {
          "uuid": "9771587e-80c1-49cc-80c4-845b8e117a0d",
          "title": "Alias and invoke ",
          "fullFile": "",
          "file": "",
          "beforeHooks": [],
          "afterHooks": [],
          "tests": [
            {
              "title": "Calculate of total and sale products",
              "fullTitle": "Alias and invoke  Calculate of total and sale products",
              "timedOut": null,
              "duration": 1079,
              "state": "passed",
              "speed": "fast",
              "pass": true,
              "fail": false,
              "pending": false,
              "context": null,
              "code": "// cy.get(\".thumbnail\")\n//   .as(\"productThumbnail\")\n//   .find(\".oneprice\")\n//   .each(($el, index, $list) => {\n//     cy.log($el.text());\n//   });\n//Create Alias\ncy.get(\".thumbnail\").find(\".oneprice\").invoke(\"text\").as(\"textPrice\");\ncy.get(\".thumbnail\").find(\".pricenew \").invoke(\"text\").as(\"saleItemPrice\");\nlet itemsTotal = 0;\n//use Alias\ncy.get(\"@textPrice\").then($linkText => {\n  // cy.log($linkText);\n  let itemsPriceTotal = 0;\n  let itemPrice = $linkText.split(\"$\");\n  let i;\n  for (let i = 0; i < itemPrice.length; i++) {\n    // cy.log(itemPrice[i]);\n    itemsPriceTotal += Number(itemPrice[i]);\n  }\n  itemsTotal += itemsPriceTotal;\n  // cy.log(\"Non sale price in total:\" + itemsPriceTotal);\n});\ncy.get(\"@saleItemPrice\").then($linkText => {\n  let saleItemsPrice = 0;\n  let saleItemPrice = $linkText.split(\"$\");\n  let i;\n  for (let i = 0; i < saleItemPrice.length; i++) {\n    // cy.log(saleItemPrice[i]);\n    saleItemsPrice += Number(saleItemPrice[i]);\n  }\n  itemsTotal += saleItemsPrice;\n  cy.log(\"Sale price in total:\" + saleItemsPrice);\n}).then(() => {\n  cy.log(\"The total price of all products: \" + itemsTotal);\n  expect(itemsTotal).to.equal(660.5);\n});",
              "err": {},
              "uuid": "6ee5991d-2935-4eb8-a740-6cdd1c629acb",
              "parentUUID": "9771587e-80c1-49cc-80c4-845b8e117a0d",
              "isHook": false,
              "skipped": false
            }
          ],
          "suites": [],
          "passes": [
            "6ee5991d-2935-4eb8-a740-6cdd1c629acb"
          ],
          "failures": [],
          "pending": [],
          "skipped": [],
          "duration": 1079,
          "root": false,
          "rootEmpty": false,
          "_timeout": 2000
        }
      ],
      "passes": [],
      "failures": [],
      "pending": [],
      "skipped": [],
      "duration": 0,
      "root": true,
      "rootEmpty": true,
      "_timeout": 2000
    },
    {
      "uuid": "50350c79-2c32-44f6-ac42-3531aedb290d",
      "title": "",
      "fullFile": "cypress/e2e/automation-test-store/contact-us.cy.js",
      "file": "cypress/e2e/automation-test-store/contact-us.cy.js",
      "beforeHooks": [],
      "afterHooks": [],
      "tests": [],
      "suites": [
        {
          "uuid": "d4d7a17a-53d7-49be-92a2-b0c3294c46e8",
          "title": "Test Contact Us form via Automation Test Store",
          "fullFile": "",
          "file": "",
          "beforeHooks": [],
          "afterHooks": [],
          "tests": [
            {
              "title": "Should be able to submit a successful submission via contact us form",
              "fullTitle": "Test Contact Us form via Automation Test Store Should be able to submit a successful submission via contact us form",
              "timedOut": null,
              "duration": 4533,
              "state": "passed",
              "speed": "fast",
              "pass": true,
              "fail": false,
              "pending": false,
              "context": null,
              "code": "cy.visit(\"https://www.automationteststore.com/\");\ncy.get(\"a[href$='contact']\").click().then(function (linkText) {\n  cy.log(\"Clicked on link using text: \" + linkText.text());\n});\n//cy.xpath(\"//a[contains(@href, 'contact')]\").click();\ncy.get(\"@user\").then(user => {\n  cy.get(\"#ContactUsFrm_first_name\").type(user.first_name);\n  cy.get(\"#ContactUsFrm_email\").type(user.email);\n});\ncy.get(\"#ContactUsFrm_email\").should(\"have.attr\", \"name\", \"email\");\ncy.get(\"#ContactUsFrm_enquiry\").type(\"Do you provide additional discount on bulk orders?\");\ncy.get(\"button[title='Submit']\").click();\ncy.get(\".mb40 > :nth-child(3)\").should(\"have.text\", \"Your enquiry has been successfully sent to the store owner!\");\ncy.log(\"Test has completed!\");",
              "err": {},
              "uuid": "901b1148-f63f-4451-9f5a-a7893b0b9182",
              "parentUUID": "d4d7a17a-53d7-49be-92a2-b0c3294c46e8",
              "isHook": false,
              "skipped": false
            }
          ],
          "suites": [],
          "passes": [
            "901b1148-f63f-4451-9f5a-a7893b0b9182"
          ],
          "failures": [],
          "pending": [],
          "skipped": [],
          "duration": 4533,
          "root": false,
          "rootEmpty": false,
          "_timeout": 2000
        }
      ],
      "passes": [],
      "failures": [],
      "pending": [],
      "skipped": [],
      "duration": 0,
      "root": true,
      "rootEmpty": true,
      "_timeout": 2000
    },
    {
      "uuid": "2629b7f0-90eb-41e6-9606-f5a08b842883",
      "title": "",
      "fullFile": "cypress/e2e/automation-test-store/inspect-item.cy.js",
      "file": "cypress/e2e/automation-test-store/inspect-item.cy.js",
      "beforeHooks": [],
      "afterHooks": [],
      "tests": [],
      "suites": [
        {
          "uuid": "148b84f9-01d4-46ad-85ae-8c1174f2144f",
          "title": "Inspect Automation Test Store item using chain of commands",
          "fullFile": "",
          "file": "",
          "beforeHooks": [],
          "afterHooks": [],
          "tests": [
            {
              "title": "Click on the first item using item text",
              "fullTitle": "Inspect Automation Test Store item using chain of commands Click on the first item using item text",
              "timedOut": null,
              "duration": 1379,
              "state": "passed",
              "speed": "fast",
              "pass": true,
              "fail": false,
              "pending": false,
              "context": null,
              "code": "cy.get(\".prdocutname\").contains(\"Skinsheen Bronzer Stick\").click().then(function (itemText) {\n  console.log(\"Selected item: \" + itemText.text());\n});",
              "err": {},
              "uuid": "366fb880-69ce-4581-976c-7fdd3ca692a5",
              "parentUUID": "148b84f9-01d4-46ad-85ae-8c1174f2144f",
              "isHook": false,
              "skipped": false
            }
          ],
          "suites": [],
          "passes": [
            "366fb880-69ce-4581-976c-7fdd3ca692a5"
          ],
          "failures": [],
          "pending": [],
          "skipped": [],
          "duration": 1379,
          "root": false,
          "rootEmpty": false,
          "_timeout": 2000
        }
      ],
      "passes": [],
      "failures": [],
      "pending": [],
      "skipped": [],
      "duration": 0,
      "root": true,
      "rootEmpty": true,
      "_timeout": 2000
    },
    {
      "uuid": "df88c464-0822-4cfa-a1a0-c4bf6d990642",
      "title": "",
      "fullFile": "cypress/e2e/automation-test-store/iterate-over-elements.cy.js",
      "file": "cypress/e2e/automation-test-store/iterate-over-elements.cy.js",
      "beforeHooks": [],
      "afterHooks": [],
      "tests": [],
      "suites": [
        {
          "uuid": "aaf709fe-903c-408c-a068-b9bb75ffddcc",
          "title": "Iterate over elements  ",
          "fullFile": "",
          "file": "",
          "beforeHooks": [],
          "afterHooks": [],
          "tests": [
            {
              "title": "Log information of all hair care products",
              "fullTitle": "Iterate over elements   Log information of all hair care products",
              "timedOut": null,
              "duration": 1342,
              "state": "passed",
              "speed": "fast",
              "pass": true,
              "fail": false,
              "pending": false,
              "context": null,
              "code": "cy.get(\".fixed_wrapper .prdocutname\").each(($el, index, $list) => {\n  cy.log(\"Index: \" + index + \" : \" + $el.text());\n});",
              "err": {},
              "uuid": "7faa15cd-69cc-4c75-bd41-5cd8296a885e",
              "parentUUID": "aaf709fe-903c-408c-a068-b9bb75ffddcc",
              "isHook": false,
              "skipped": false
            },
            {
              "title": "Add specific product to basket",
              "fullTitle": "Iterate over elements   Add specific product to basket",
              "timedOut": null,
              "duration": 1658,
              "state": "passed",
              "speed": "fast",
              "pass": true,
              "fail": false,
              "pending": false,
              "context": null,
              "code": "// This code house now in Custom Commands..\n// cy.get(\".fixed_wrapper .prdocutname\").each(($el, index, $list) => {\n//   if ($el.text().includes(\"Curls to straight Shampoo\")) {\n//     cy.wrap($el).click();\n//   }\n// });\ncy.selectProduct(\"Curls to straight Shampoo\");",
              "err": {},
              "uuid": "bd918b38-fdd5-4d29-a885-b0d7284e81bf",
              "parentUUID": "aaf709fe-903c-408c-a068-b9bb75ffddcc",
              "isHook": false,
              "skipped": false
            },
            {
              "title": "Add another specific product to basket",
              "fullTitle": "Iterate over elements   Add another specific product to basket",
              "timedOut": null,
              "duration": 1108,
              "state": "passed",
              "speed": "fast",
              "pass": true,
              "fail": false,
              "pending": false,
              "context": null,
              "code": "cy.selectProduct(\"Seaweed Conditioner\");",
              "err": {},
              "uuid": "4cc1309c-058c-4c18-8dc2-d09d3a496b73",
              "parentUUID": "aaf709fe-903c-408c-a068-b9bb75ffddcc",
              "isHook": false,
              "skipped": false
            },
            {
              "title": "Add Eau Parfumee au The Vert Shampoo product to basket",
              "fullTitle": "Iterate over elements   Add Eau Parfumee au The Vert Shampoo product to basket",
              "timedOut": null,
              "duration": 1009,
              "state": "passed",
              "speed": "fast",
              "pass": true,
              "fail": false,
              "pending": false,
              "context": null,
              "code": "cy.selectProduct(\"Eau Parfumee au The Vert Shampoo\");",
              "err": {},
              "uuid": "5fe77e96-3c82-4d47-af96-37ef9a805344",
              "parentUUID": "aaf709fe-903c-408c-a068-b9bb75ffddcc",
              "isHook": false,
              "skipped": false
            }
          ],
          "suites": [],
          "passes": [
            "7faa15cd-69cc-4c75-bd41-5cd8296a885e",
            "bd918b38-fdd5-4d29-a885-b0d7284e81bf",
            "4cc1309c-058c-4c18-8dc2-d09d3a496b73",
            "5fe77e96-3c82-4d47-af96-37ef9a805344"
          ],
          "failures": [],
          "pending": [],
          "skipped": [],
          "duration": 5117,
          "root": false,
          "rootEmpty": false,
          "_timeout": 2000
        }
      ],
      "passes": [],
      "failures": [],
      "pending": [],
      "skipped": [],
      "duration": 0,
      "root": true,
      "rootEmpty": true,
      "_timeout": 2000
    },
    {
      "uuid": "fb7ec482-3882-4e63-b865-f398de89503d",
      "title": "",
      "fullFile": "cypress/e2e/automation-test-store/variables-and-cy-commends.cy.js",
      "file": "cypress/e2e/automation-test-store/variables-and-cy-commends.cy.js",
      "beforeHooks": [],
      "afterHooks": [],
      "tests": [],
      "suites": [
        {
          "uuid": "9a578a09-2ce1-4133-b126-fa75cd1ef33a",
          "title": "Verifying variables, cypress commands and jquery commands",
          "fullFile": "",
          "file": "",
          "beforeHooks": [],
          "afterHooks": [],
          "tests": [
            {
              "title": "Validate properties of the Contact Us Page",
              "fullTitle": "Verifying variables, cypress commands and jquery commands Validate properties of the Contact Us Page",
              "timedOut": null,
              "duration": 1248,
              "state": "passed",
              "speed": "fast",
              "pass": true,
              "fail": false,
              "pending": false,
              "context": null,
              "code": "cy.visit(\"https://automationteststore.com/index.php?rt=content/contact\");\n// Uses cypress commands and chaining\ncy.contains(\"#ContactUsFrm\", \"Contact Us Form\").find(\"#field_11\").should(\"contain\", \"First name:\");\n// JQuery Approach\ncy.contains(\"#ContactUsFrm\", \"Contact Us Form\").then(text => {\n  const firstNameText = text.find(\"#field_11\");\n  expect(firstNameText).to.contain(\"First name:\");\n  // Embedded commands (Closure)\n  cy.get(\"#field_11\").then(fnText => {\n    cy.log(fnText.text());\n    cy.log(fnText);\n  });\n});",
              "err": {},
              "uuid": "2464bcf3-dfc1-4394-a66f-0d4382ea18df",
              "parentUUID": "9a578a09-2ce1-4133-b126-fa75cd1ef33a",
              "isHook": false,
              "skipped": false
            }
          ],
          "suites": [],
          "passes": [
            "2464bcf3-dfc1-4394-a66f-0d4382ea18df"
          ],
          "failures": [],
          "pending": [],
          "skipped": [],
          "duration": 1248,
          "root": false,
          "rootEmpty": false,
          "_timeout": 2000
        }
      ],
      "passes": [],
      "failures": [],
      "pending": [],
      "skipped": [],
      "duration": 0,
      "root": true,
      "rootEmpty": true,
      "_timeout": 2000
    },
    {
      "uuid": "e4a289f5-238e-4ff5-ad86-04cd7d032d5c",
      "title": "",
      "fullFile": "cypress/e2e/webdriver-uni/autocomplete-dropdown-list.cy.js",
      "file": "cypress/e2e/webdriver-uni/autocomplete-dropdown-list.cy.js",
      "beforeHooks": [],
      "afterHooks": [],
      "tests": [],
      "suites": [
        {
          "uuid": "04baf747-ee46-41c5-b3ac-a158ba2016d5",
          "title": "Verify Autocomplete dropdown list via webdriversuni",
          "fullFile": "",
          "file": "",
          "beforeHooks": [],
          "afterHooks": [],
          "tests": [
            {
              "title": "Select specific product via autocomplete list",
              "fullTitle": "Verify Autocomplete dropdown list via webdriversuni Select specific product via autocomplete list",
              "timedOut": null,
              "duration": 1372,
              "state": "passed",
              "speed": "fast",
              "pass": true,
              "fail": false,
              "pending": false,
              "context": null,
              "code": "cy.visit(\"/\");\ncy.get(\"#autocomplete-textfield\").invoke(\"removeAttr\", \"target\").click({\n  force: true\n});\ncy.get(\"#myInput\").type(\"A\");\ncy.get(\"#myInputautocomplete-list > *\").each(($el, index, $list) => {\n  const prod = $el.text();\n  const productToSelect = \"Avacado\";\n  if (prod === productToSelect) {\n    //   $el.click();\n    $el.trigger(\"click\");\n    cy.get(\"#submit-button\").click();\n    cy.url().should(\"include\", productToSelect);\n  }\n}).then(() => {\n  cy.get(\"#myInput\").type(\"G\");\n  cy.get(\"#myInputautocomplete-list > *\").each(($el, index, $list) => {\n    const prod = $el.text();\n    const productToSelect = \"Grapes\";\n    if (prod === \"Grapes\") {\n      // $el.click();\n      $el.trigger(\"click\");\n      cy.get(\"#submit-button\").click();\n      cy.url().should(\"include\", \"Grapes\");\n    }\n  });\n});",
              "err": {},
              "uuid": "7f751f11-77b7-40ce-a9b2-bbd40e7e78ae",
              "parentUUID": "04baf747-ee46-41c5-b3ac-a158ba2016d5",
              "isHook": false,
              "skipped": false
            }
          ],
          "suites": [],
          "passes": [
            "7f751f11-77b7-40ce-a9b2-bbd40e7e78ae"
          ],
          "failures": [],
          "pending": [],
          "skipped": [],
          "duration": 1372,
          "root": false,
          "rootEmpty": false,
          "_timeout": 2000
        }
      ],
      "passes": [],
      "failures": [],
      "pending": [],
      "skipped": [],
      "duration": 0,
      "root": true,
      "rootEmpty": true,
      "_timeout": 2000
    },
    {
      "uuid": "e0d5068b-579c-43e7-9cb2-8ad35acdd75e",
      "title": "",
      "fullFile": "cypress/e2e/webdriver-uni/browser-navigation.cy.js",
      "file": "cypress/e2e/webdriver-uni/browser-navigation.cy.js",
      "beforeHooks": [],
      "afterHooks": [],
      "tests": [],
      "suites": [
        {
          "uuid": "2ba902d6-724f-477f-8767-c1b24bd9d1a7",
          "title": "Validate webdriveruni homepage links",
          "fullFile": "",
          "file": "",
          "beforeHooks": [],
          "afterHooks": [],
          "tests": [
            {
              "title": "Confirm links redirect to the correct pages",
              "fullTitle": "Validate webdriveruni homepage links Confirm links redirect to the correct pages",
              "timedOut": null,
              "duration": 2141,
              "state": "passed",
              "speed": "fast",
              "pass": true,
              "fail": false,
              "pending": false,
              "context": null,
              "code": "// Navigate to the home page\ncy.visit(\"https://webdriveruniversity.com\");\n// Click on button \"Contact us\", remove attribute _target, click on link\ncy.get(\"#contact-us\").invoke(\"removeAttr\", \"target\").click({\n  force: true\n});\n// Confirm that url contain contactus path\ncy.url().should(\"contain\", \"contactus\");\n// Navigate back to the home page\ncy.go(\"back\");\n// Reload page\ncy.reload();\n// Confirm correct home page url\ncy.url().should(\"contain\", \"https://webdriveruniversity.com\");\n// cy.reload(true);  true forces the reload without cache.\n// Navigate to contact us\ncy.go(\"forward\");\n// Confirm right url \"contactus\"\ncy.url().should(\"contain\", \"contactus\");\n// Navigate back to home page\ncy.go(\"back\");\n// Get Login portal link, remove _target attribute, click\ncy.get(\"#login-portal\").invoke(\"removeAttr\", \"target\").click({\n  force: true\n});\n// Confirm right url link contain \"Login-Portal\"\ncy.url().should(\"contain\", \"Login-Portal\");\n// Navigate back to home page\ncy.go(\"back\");\ncy.get(\"#to-do-list\").invoke(\"removeAttr\", \"target\").click({\n  force: true\n});\ncy.url().should(\"contain\", \"To-Do-List\");\ncy.go(\"back\");",
              "err": {},
              "uuid": "2b521696-cd7a-43f6-a9cd-b6d26b157b17",
              "parentUUID": "2ba902d6-724f-477f-8767-c1b24bd9d1a7",
              "isHook": false,
              "skipped": false
            }
          ],
          "suites": [],
          "passes": [
            "2b521696-cd7a-43f6-a9cd-b6d26b157b17"
          ],
          "failures": [],
          "pending": [],
          "skipped": [],
          "duration": 2141,
          "root": false,
          "rootEmpty": false,
          "_timeout": 2000
        }
      ],
      "passes": [],
      "failures": [],
      "pending": [],
      "skipped": [],
      "duration": 0,
      "root": true,
      "rootEmpty": true,
      "_timeout": 2000
    },
    {
      "uuid": "43f0f25d-d815-4b8c-9ead-58a9a34dc8c0",
      "title": "",
      "fullFile": "cypress/e2e/webdriver-uni/checkboxes.cy.js",
      "file": "cypress/e2e/webdriver-uni/checkboxes.cy.js",
      "beforeHooks": [],
      "afterHooks": [],
      "tests": [],
      "suites": [
        {
          "uuid": "efbd6447-c740-47cf-96a2-10a5ff7ddc91",
          "title": "Verify checkboxes via webdriversuni",
          "fullFile": "",
          "file": "",
          "beforeHooks": [],
          "afterHooks": [],
          "tests": [
            {
              "title": "Check and validate checkbox",
              "fullTitle": "Verify checkboxes via webdriversuni Check and validate checkbox",
              "timedOut": null,
              "duration": 629,
              "state": "passed",
              "speed": "fast",
              "pass": true,
              "fail": false,
              "pending": false,
              "context": null,
              "code": "// cy.get(\"#checkboxes > :nth-child(1) > input\").check();\n//cy.get(\"#checkboxes > :nth-child(1) > input\").check().should(\"be.checked\");\n// Improving code\ncy.get(\"#checkboxes > :nth-child(1) > input\").as(\"option-1\");\n//cy.get(\"@option-1\").check();\ncy.get(\"@option-1\").check().should(\"be.checked\");",
              "err": {},
              "uuid": "1e4314d6-dfed-4091-a11e-adcd6d448007",
              "parentUUID": "efbd6447-c740-47cf-96a2-10a5ff7ddc91",
              "isHook": false,
              "skipped": false
            },
            {
              "title": "Uncheck and validate checkbox",
              "fullTitle": "Verify checkboxes via webdriversuni Uncheck and validate checkbox",
              "timedOut": null,
              "duration": 249,
              "state": "passed",
              "speed": "fast",
              "pass": true,
              "fail": false,
              "pending": false,
              "context": null,
              "code": "cy.get(\"#checkboxes > :nth-child(5) > input\").as(\"option-3\");\ncy.get(\"@option-3\").uncheck().should(\"not.be.checked\");",
              "err": {},
              "uuid": "7801f4c0-710e-4eb4-9f93-c7ef672efbe5",
              "parentUUID": "efbd6447-c740-47cf-96a2-10a5ff7ddc91",
              "isHook": false,
              "skipped": false
            },
            {
              "title": "Check multiple checkboxes with the values",
              "fullTitle": "Verify checkboxes via webdriversuni Check multiple checkboxes with the values",
              "timedOut": null,
              "duration": 432,
              "state": "passed",
              "speed": "fast",
              "pass": true,
              "fail": false,
              "pending": false,
              "context": null,
              "code": "cy.get('[type=\"checkbox\"]').check([\"option-1\", \"option-2\", \"option-3\", \"option-4\"]).should(\"be.checked\");",
              "err": {},
              "uuid": "bd5b30c9-1191-49cb-a11f-8c5f67327f80",
              "parentUUID": "efbd6447-c740-47cf-96a2-10a5ff7ddc91",
              "isHook": false,
              "skipped": false
            }
          ],
          "suites": [],
          "passes": [
            "1e4314d6-dfed-4091-a11e-adcd6d448007",
            "7801f4c0-710e-4eb4-9f93-c7ef672efbe5",
            "bd5b30c9-1191-49cb-a11f-8c5f67327f80"
          ],
          "failures": [],
          "pending": [],
          "skipped": [],
          "duration": 1310,
          "root": false,
          "rootEmpty": false,
          "_timeout": 2000
        }
      ],
      "passes": [],
      "failures": [],
      "pending": [],
      "skipped": [],
      "duration": 0,
      "root": true,
      "rootEmpty": true,
      "_timeout": 2000
    },
    {
      "uuid": "ae60e47b-47e3-48f7-94e8-600c127cf804",
      "title": "",
      "fullFile": "cypress/e2e/webdriver-uni/contact-us.cy.js",
      "file": "cypress/e2e/webdriver-uni/contact-us.cy.js",
      "beforeHooks": [],
      "afterHooks": [],
      "tests": [],
      "suites": [
        {
          "uuid": "73dab8dc-25e9-4d93-8066-f47f4748c686",
          "title": "Test Contact Us form via WebdriverUni",
          "fullFile": "",
          "file": "",
          "beforeHooks": [],
          "afterHooks": [],
          "tests": [
            {
              "title": "Should be able to submit a successful submission vie contact us form",
              "fullTitle": "Test Contact Us form via WebdriverUni Should be able to submit a successful submission vie contact us form",
              "timedOut": null,
              "duration": 2354,
              "state": "passed",
              "speed": "fast",
              "pass": true,
              "fail": false,
              "pending": false,
              "context": null,
              "code": "cy.document().should(\"have.property\", \"charset\").and(\"eq\", \"UTF-8\");\ncy.title().should(\"include\", \"WebDriver | Contact Us\");\ncy.url().should(\"include\", \"contactus\");\ncontact_Us_PO.contactForm_Submission(Cypress.env(\"first_name\"), data.last_name, data.email, \"How i can learn Cypress?\", \"h1\", \"Thank You for your Message!\");",
              "err": {},
              "uuid": "d6d81030-4340-42e6-b16e-906c01517f94",
              "parentUUID": "73dab8dc-25e9-4d93-8066-f47f4748c686",
              "isHook": false,
              "skipped": false
            },
            {
              "title": "Should not be able to submit a successful submission vie contact us form as fields are required ",
              "fullTitle": "Test Contact Us form via WebdriverUni Should not be able to submit a successful submission vie contact us form as fields are required ",
              "timedOut": null,
              "duration": 1389,
              "state": "passed",
              "speed": "fast",
              "pass": true,
              "fail": false,
              "pending": false,
              "context": null,
              "code": "contact_Us_PO.contactForm_Submission(data.first_name, data.last_name, \" \", \"How i can learn Cypress?\", \"body\", \"Error: Invalid email address\");",
              "err": {},
              "uuid": "71869cc4-3884-49f3-9668-1413a6ec2703",
              "parentUUID": "73dab8dc-25e9-4d93-8066-f47f4748c686",
              "isHook": false,
              "skipped": false
            }
          ],
          "suites": [],
          "passes": [
            "d6d81030-4340-42e6-b16e-906c01517f94",
            "71869cc4-3884-49f3-9668-1413a6ec2703"
          ],
          "failures": [],
          "pending": [],
          "skipped": [],
          "duration": 3743,
          "root": false,
          "rootEmpty": false,
          "_timeout": 2000
        }
      ],
      "passes": [],
      "failures": [],
      "pending": [],
      "skipped": [],
      "duration": 0,
      "root": true,
      "rootEmpty": true,
      "_timeout": 2000
    },
    {
      "uuid": "30191026-b92d-49e2-9a2c-6c7d5f0f2496",
      "title": "",
      "fullFile": "cypress/e2e/webdriver-uni/data-tables.cy.js",
      "file": "cypress/e2e/webdriver-uni/data-tables.cy.js",
      "beforeHooks": [],
      "afterHooks": [],
      "tests": [],
      "suites": [
        {
          "uuid": "4d543783-8504-40c3-9ea3-b1dd7191f4ce",
          "title": "Handling data via webdriveruni",
          "fullFile": "",
          "file": "",
          "beforeHooks": [],
          "afterHooks": [],
          "tests": [
            {
              "title": "Calculate and assert the age of a given user based on last name",
              "fullTitle": "Handling data via webdriveruni Calculate and assert the age of a given user based on last name",
              "timedOut": null,
              "duration": 750,
              "state": "passed",
              "speed": "fast",
              "pass": true,
              "fail": false,
              "pending": false,
              "context": null,
              "code": "cy.get(\"#thumbnail-1 tr td:nth-child(2)\").each(($el, index, $list) => {\n  const text = $el.text();\n  if (text.includes(\"Woods\")) {\n    cy.get(\"#thumbnail-1 tr td:nth-child(2)\").eq(index).next().then(age => {\n      const userAge = age.text();\n      expect(userAge).equal(\"80\");\n    });\n  }\n});",
              "err": {},
              "uuid": "39c6893e-cbb7-4cc5-9c16-dc48decb6203",
              "parentUUID": "4d543783-8504-40c3-9ea3-b1dd7191f4ce",
              "isHook": false,
              "skipped": false
            }
          ],
          "suites": [],
          "passes": [
            "39c6893e-cbb7-4cc5-9c16-dc48decb6203"
          ],
          "failures": [],
          "pending": [],
          "skipped": [],
          "duration": 750,
          "root": false,
          "rootEmpty": false,
          "_timeout": 2000
        }
      ],
      "passes": [],
      "failures": [],
      "pending": [],
      "skipped": [],
      "duration": 0,
      "root": true,
      "rootEmpty": true,
      "_timeout": 2000
    },
    {
      "uuid": "99a7368d-fe58-41f0-b1dc-78423550ffc6",
      "title": "",
      "fullFile": "cypress/e2e/webdriver-uni/datepicker.cy.js",
      "file": "cypress/e2e/webdriver-uni/datepicker.cy.js",
      "beforeHooks": [],
      "afterHooks": [],
      "tests": [],
      "suites": [
        {
          "uuid": "b8b47780-783d-42ab-9b02-564103226d8b",
          "title": "Test Datepicker via webdriveruni",
          "fullFile": "",
          "file": "",
          "beforeHooks": [],
          "afterHooks": [],
          "tests": [
            {
              "title": "Select date from the datepicker",
              "fullTitle": "Test Datepicker via webdriveruni Select date from the datepicker",
              "timedOut": null,
              "duration": 3614,
              "state": "passed",
              "speed": "fast",
              "pass": true,
              "fail": false,
              "pending": false,
              "context": null,
              "code": "cy.visit(\"/\");\ncy.get(\"#datepicker\").invoke(\"removeAttr\", \"target\").click({\n  force: true\n});\ncy.get(\"#datepicker\").click();\n// let date = new Date();\n// date.setDate(date.getDate())\n// cy.log(date.getDate()) //get current day i.e. 22\n// let date2 = new Date();\n// date2.setDate(date.getDate() + 5)\n// cy.log(date2.getDate()) //get current day i.e. 22 + 5 = 27\nvar date = new Date();\ndate.setDate(date.getDate() + 400);\nvar futureYear = date.getFullYear();\nvar futureMonth = date.toLocaleString(\"default\", {\n  month: \"long\"\n});\nvar futureDay = date.getDate();\ncy.log(\"Future year to select: \" + futureYear);\ncy.log(\"Future month to select: \" + futureMonth);\ncy.log(\"Future day to select: \" + futureDay);\nfunction selectMonthAndYear() {\n  cy.get(\".datepicker-dropdown\").find(\".datepicker-switch\").first().then(currentDate => {\n    if (!currentDate.text().includes(futureYear)) {\n      cy.get(\".next\").first().click();\n      selectMonthAndYear();\n    }\n  }).then(() => {\n    cy.get(\".datepicker-dropdown\").find(\".datepicker-switch\").first().then(currentDate => {\n      if (!currentDate.text().includes(futureMonth)) {\n        cy.get(\".next\").first().click();\n        selectMonthAndYear();\n      }\n    });\n  });\n}\nfunction selectFutureDay() {\n  cy.get('[class=\"day\"]').contains(futureDay).click();\n}\nselectMonthAndYear();\nselectFutureDay();",
              "err": {},
              "uuid": "20583602-2d68-4827-b113-dda35d459a6f",
              "parentUUID": "b8b47780-783d-42ab-9b02-564103226d8b",
              "isHook": false,
              "skipped": false
            }
          ],
          "suites": [],
          "passes": [
            "20583602-2d68-4827-b113-dda35d459a6f"
          ],
          "failures": [],
          "pending": [],
          "skipped": [],
          "duration": 3614,
          "root": false,
          "rootEmpty": false,
          "_timeout": 2000
        }
      ],
      "passes": [],
      "failures": [],
      "pending": [],
      "skipped": [],
      "duration": 0,
      "root": true,
      "rootEmpty": true,
      "_timeout": 2000
    },
    {
      "uuid": "d86f42e7-e467-49fe-ae51-af28f421b54f",
      "title": "",
      "fullFile": "cypress/e2e/webdriver-uni/file-upload.cy.js",
      "file": "cypress/e2e/webdriver-uni/file-upload.cy.js",
      "beforeHooks": [],
      "afterHooks": [],
      "tests": [],
      "suites": [
        {
          "uuid": "870fe1b5-e605-4a86-bada-698e90bdfe7f",
          "title": "Test File upload via webdriveruni",
          "fullFile": "",
          "file": "",
          "beforeHooks": [],
          "afterHooks": [],
          "tests": [
            {
              "title": "Upload No file...",
              "fullTitle": "Test File upload via webdriveruni Upload No file...",
              "timedOut": null,
              "duration": 812,
              "state": "passed",
              "speed": "fast",
              "pass": true,
              "fail": false,
              "pending": false,
              "context": null,
              "code": "cy.visit(\"http://www.webdriveruniversity.com\");\ncy.get(\"#file-upload\").invoke(\"removeAttr\", \"target\").click({\n  force: true\n});\ncy.get(\"#submit-button\").click();\ncy.on(\"window:alert\", str => {\n  expect(str).to.eq(\"You need to select a file to upload!\");\n});",
              "err": {},
              "uuid": "8b2f4c1c-229e-4b14-ace0-abea3acbd722",
              "parentUUID": "870fe1b5-e605-4a86-bada-698e90bdfe7f",
              "isHook": false,
              "skipped": false
            }
          ],
          "suites": [],
          "passes": [
            "8b2f4c1c-229e-4b14-ace0-abea3acbd722"
          ],
          "failures": [],
          "pending": [],
          "skipped": [],
          "duration": 812,
          "root": false,
          "rootEmpty": false,
          "_timeout": 2000
        }
      ],
      "passes": [],
      "failures": [],
      "pending": [],
      "skipped": [],
      "duration": 0,
      "root": true,
      "rootEmpty": true,
      "_timeout": 2000
    },
    {
      "uuid": "d8bd80ea-3a79-4aa4-be31-a9babbf3c323",
      "title": "",
      "fullFile": "cypress/e2e/webdriver-uni/iframe.cy.js",
      "file": "cypress/e2e/webdriver-uni/iframe.cy.js",
      "beforeHooks": [],
      "afterHooks": [],
      "tests": [],
      "suites": [
        {
          "uuid": "aec6f682-f641-4726-94aa-7e1e1a8277ba",
          "title": "Handling IFrame & Modals",
          "fullFile": "",
          "file": "",
          "beforeHooks": [],
          "afterHooks": [],
          "tests": [
            {
              "title": "Handle webdriveruni iframe and modal",
              "fullTitle": "Handling IFrame & Modals Handle webdriveruni iframe and modal",
              "timedOut": null,
              "duration": 1062,
              "state": "passed",
              "speed": "fast",
              "pass": true,
              "fail": false,
              "pending": false,
              "context": null,
              "code": "cy.visit(\"/\");\ncy.get(\"#iframe\").invoke(\"removeAttr\", \"target\").click({\n  force: true\n});\n// Get all body from html\ncy.get(\"#frame\").then($iframe => {\n  const body = $iframe.contents().find(\"body\");\n  cy.wrap(body).as(\"iframe\");\n});\ncy.get(\"@iframe\").find(\"#button-find-out-more\").click();\ncy.get(\"@iframe\").find(\"#myModal\").as(\"modal\");\ncy.get(\"@modal\").should($expectedText => {\n  const text = $expectedText.text();\n  expect(text).to.include(\"Welcome to webdriveruniversity.com \");\n});\ncy.get(\"@modal\").contains(\"Close\").click();",
              "err": {},
              "uuid": "08ec0a5b-c98e-44e6-9823-4efc899a07d7",
              "parentUUID": "aec6f682-f641-4726-94aa-7e1e1a8277ba",
              "isHook": false,
              "skipped": false
            }
          ],
          "suites": [],
          "passes": [
            "08ec0a5b-c98e-44e6-9823-4efc899a07d7"
          ],
          "failures": [],
          "pending": [],
          "skipped": [],
          "duration": 1062,
          "root": false,
          "rootEmpty": false,
          "_timeout": 2000
        }
      ],
      "passes": [],
      "failures": [],
      "pending": [],
      "skipped": [],
      "duration": 0,
      "root": true,
      "rootEmpty": true,
      "_timeout": 2000
    },
    {
      "uuid": "ba3f4b6c-e733-49aa-9ec0-ec4124cbacc5",
      "title": "",
      "fullFile": "cypress/e2e/webdriver-uni/js-alerts.cy.js",
      "file": "cypress/e2e/webdriver-uni/js-alerts.cy.js",
      "beforeHooks": [],
      "afterHooks": [],
      "tests": [],
      "suites": [
        {
          "uuid": "1947328f-aaad-4f04-8c3a-714a9ea4f993",
          "title": "Handle js alerts",
          "fullFile": "",
          "file": "",
          "beforeHooks": [],
          "afterHooks": [],
          "tests": [
            {
              "title": "Validate js confirm box using stub",
              "fullTitle": "Handle js alerts Validate js confirm box using stub",
              "timedOut": null,
              "duration": 776,
              "state": "passed",
              "speed": "fast",
              "pass": true,
              "fail": false,
              "pending": false,
              "context": null,
              "code": "cy.visit(\"https://webdriveruniversity.com\");\ncy.get(\"#popup-alerts\").invoke(\"removeAttr\", \"target\").click({\n  force: true\n});\nconst stub = cy.stub();\ncy.on(\"window:confirm\", stub);\ncy.get(\"#button4\").click().then(() => {\n  expect(stub.getCall(0)).to.be.calledWith(\"Press a button!\");\n}).then(() => {\n  return true;\n}).then(() => {\n  cy.get(\"#confirm-alert-text\").contains(\"You pressed OK!\");\n});",
              "err": {},
              "uuid": "9c619462-8b39-4ace-bb8f-22064e611a36",
              "parentUUID": "1947328f-aaad-4f04-8c3a-714a9ea4f993",
              "isHook": false,
              "skipped": false
            }
          ],
          "suites": [],
          "passes": [
            "9c619462-8b39-4ace-bb8f-22064e611a36"
          ],
          "failures": [],
          "pending": [],
          "skipped": [],
          "duration": 776,
          "root": false,
          "rootEmpty": false,
          "_timeout": 2000
        }
      ],
      "passes": [],
      "failures": [],
      "pending": [],
      "skipped": [],
      "duration": 0,
      "root": true,
      "rootEmpty": true,
      "_timeout": 2000
    },
    {
      "uuid": "e9be2bee-ff40-4215-bfe9-34c49a17ee19",
      "title": "",
      "fullFile": "cypress/e2e/webdriver-uni/mouse-actions.cy.js",
      "file": "cypress/e2e/webdriver-uni/mouse-actions.cy.js",
      "beforeHooks": [],
      "afterHooks": [],
      "tests": [],
      "suites": [
        {
          "uuid": "7a97df4e-5008-4608-baae-68399298100e",
          "title": "Test mouse actions",
          "fullFile": "",
          "file": "",
          "beforeHooks": [],
          "afterHooks": [],
          "tests": [
            {
              "title": "I should be able hold down the left mouse click button on given element",
              "fullTitle": "Test mouse actions I should be able hold down the left mouse click button on given element",
              "timedOut": null,
              "duration": 759,
              "state": "passed",
              "speed": "fast",
              "pass": true,
              "fail": false,
              "pending": false,
              "context": null,
              "code": "cy.visit(\"https://webdriveruniversity.com\");\ncy.get(\"#actions\").scrollIntoView().invoke(\"removeAttr\", \"target\").click({\n  force: true\n});\ncy.get(\"#click-box\").trigger(\"mousedown\", {\n  which: 1\n}).then($element => {\n  expect($element).to.have.css(\"background-color\", \"rgb(0, 255, 0)\");\n});",
              "err": {},
              "uuid": "507280f6-bf89-49ca-9df3-8ca0075f3613",
              "parentUUID": "7a97df4e-5008-4608-baae-68399298100e",
              "isHook": false,
              "skipped": false
            }
          ],
          "suites": [],
          "passes": [
            "507280f6-bf89-49ca-9df3-8ca0075f3613"
          ],
          "failures": [],
          "pending": [],
          "skipped": [],
          "duration": 759,
          "root": false,
          "rootEmpty": false,
          "_timeout": 2000
        }
      ],
      "passes": [],
      "failures": [],
      "pending": [],
      "skipped": [],
      "duration": 0,
      "root": true,
      "rootEmpty": true,
      "_timeout": 2000
    },
    {
      "uuid": "5c2be4f5-8b78-4874-b6f3-8a3d6762661f",
      "title": "",
      "fullFile": "cypress/e2e/webdriver-uni/radio-buttons.cy.js",
      "file": "cypress/e2e/webdriver-uni/radio-buttons.cy.js",
      "beforeHooks": [],
      "afterHooks": [],
      "tests": [],
      "suites": [
        {
          "uuid": "20a5eb91-b99c-4042-93de-649d9da7a916",
          "title": "Verify radio buttons  via webdriversuni",
          "fullFile": "",
          "file": "",
          "beforeHooks": [],
          "afterHooks": [],
          "tests": [
            {
              "title": "Validate the state of specific radio buttons",
              "fullTitle": "Verify radio buttons  via webdriversuni Validate the state of specific radio buttons",
              "timedOut": null,
              "duration": 840,
              "state": "passed",
              "speed": "fast",
              "pass": true,
              "fail": false,
              "pending": false,
              "context": null,
              "code": "cy.get(\"[value='lettuce']\").should(\"not.be.checked\");\ncy.get(\"[value='pumpkin']\").should(\"be.checked\");\ncy.get(\"[value='lettuce']\").check();\ncy.get(\"[value='lettuce']\").should(\"be.checked\");\ncy.get(\"[value='pumpkin']\").should(\"not.be.checked\");\ncy.get(\"[value='cabbage']\").should(\"be.disabled\");",
              "err": {},
              "uuid": "18a3f0b2-4233-498f-990b-9fd929653172",
              "parentUUID": "20a5eb91-b99c-4042-93de-649d9da7a916",
              "isHook": false,
              "skipped": false
            }
          ],
          "suites": [],
          "passes": [
            "18a3f0b2-4233-498f-990b-9fd929653172"
          ],
          "failures": [],
          "pending": [],
          "skipped": [],
          "duration": 840,
          "root": false,
          "rootEmpty": false,
          "_timeout": 2000
        }
      ],
      "passes": [],
      "failures": [],
      "pending": [],
      "skipped": [],
      "duration": 0,
      "root": true,
      "rootEmpty": true,
      "_timeout": 2000
    },
    {
      "uuid": "ec02aee0-cf6d-41ac-9501-67d4fbf0f5a3",
      "title": "",
      "fullFile": "cypress/e2e/webdriver-uni/select-dropdown-list.cy.js",
      "file": "cypress/e2e/webdriver-uni/select-dropdown-list.cy.js",
      "beforeHooks": [],
      "afterHooks": [],
      "tests": [],
      "suites": [
        {
          "uuid": "c4129f28-69ec-447e-b8ef-5760536d3de7",
          "title": "Interact with dropdown lists via webdriversuni",
          "fullFile": "",
          "file": "",
          "beforeHooks": [],
          "afterHooks": [],
          "tests": [
            {
              "title": "Select specific value from select dropdown lists",
              "fullTitle": "Interact with dropdown lists via webdriversuni Select specific value from select dropdown lists",
              "timedOut": null,
              "duration": 1347,
              "state": "passed",
              "speed": "fast",
              "pass": true,
              "fail": false,
              "pending": false,
              "context": null,
              "code": "cy.visit(\"https://webdriveruniversity.com\");\ncy.get(\"#dropdown-checkboxes-radiobuttons\").invoke(\"removeAttr\", \"target\").click({\n  force: true\n});\n// Getting all 3 dropdown lists. select value and Text of each selected list\ncy.get(\"#dropdowm-menu-1\").select(\"c#\");\ncy.get(\"#dropdowm-menu-2\").select(\"testng\").should(\"have.value\", \"testng\");\ncy.get(\"#dropdowm-menu-3\").select(\"jquery\").contains(\"JQuery\");\n// Select with value and validate if the value text is correct\ncy.get(\"#dropdowm-menu-2\").select(\"maven\").should(\"have.value\", \"maven\");\n// Select text and validate text of the dropdown the same\ncy.get(\"#dropdowm-menu-2\").contains(\"TestNG\").contains(\"TestNG\");",
              "err": {},
              "uuid": "a661cfc2-3f41-41f2-ae29-519f4f0b5385",
              "parentUUID": "c4129f28-69ec-447e-b8ef-5760536d3de7",
              "isHook": false,
              "skipped": false
            }
          ],
          "suites": [],
          "passes": [
            "a661cfc2-3f41-41f2-ae29-519f4f0b5385"
          ],
          "failures": [],
          "pending": [],
          "skipped": [],
          "duration": 1347,
          "root": false,
          "rootEmpty": false,
          "_timeout": 2000
        }
      ],
      "passes": [],
      "failures": [],
      "pending": [],
      "skipped": [],
      "duration": 0,
      "root": true,
      "rootEmpty": true,
      "_timeout": 2000
    },
    {
      "uuid": "9001e9d2-a730-4ba3-b561-555beb548b56",
      "title": "",
      "fullFile": "cypress/e2e/webdriver-uni/selectors.cy.js",
      "file": "cypress/e2e/webdriver-uni/selectors.cy.js",
      "beforeHooks": [],
      "afterHooks": [],
      "tests": [],
      "suites": [
        {
          "uuid": "df744a28-489d-4aab-baf7-a5035b8a1fc4",
          "title": "Selector examples",
          "fullFile": "",
          "file": "",
          "beforeHooks": [],
          "afterHooks": [],
          "tests": [
            {
              "title": "Examples of Selectors via WebdriverUni Contact Us Page",
              "fullTitle": "Selector examples Examples of Selectors via WebdriverUni Contact Us Page",
              "timedOut": null,
              "duration": 297,
              "state": "passed",
              "speed": "fast",
              "pass": true,
              "fail": false,
              "pending": false,
              "context": null,
              "code": "cy.visit(\"http://www.webdriveruniversity.com/Contact-Us/contactus.html\");\n//By tag name\ncy.get(\"input\");\n//By attribute name and value\ncy.get(\"input[name='first_name']\");\n//By id\ncy.get(\"#contact_me\");\n//By class\ncy.get(\".feedback-input\");\n//By multiple classes\ncy.get(\"[class='navbar navbar-inverse navbar-fixed-top']\");\n//By two different attributes\ncy.get(\"[name='email'][placeholder='Email Address']\");\n//By xpath\ncy.xpath(\"//input[@name='first_name']\");",
              "err": {},
              "uuid": "d7bc5b11-1989-49d7-a026-60a8e4fa23c3",
              "parentUUID": "df744a28-489d-4aab-baf7-a5035b8a1fc4",
              "isHook": false,
              "skipped": false
            }
          ],
          "suites": [],
          "passes": [
            "d7bc5b11-1989-49d7-a026-60a8e4fa23c3"
          ],
          "failures": [],
          "pending": [],
          "skipped": [],
          "duration": 297,
          "root": false,
          "rootEmpty": false,
          "_timeout": 2000
        }
      ],
      "passes": [],
      "failures": [],
      "pending": [],
      "skipped": [],
      "duration": 0,
      "root": true,
      "rootEmpty": true,
      "_timeout": 2000
    },
    {
      "uuid": "82c808cb-a45c-454f-8f6e-9dcca71a4a4f",
      "title": "",
      "fullFile": "cypress/e2e/webdriver-uni/traversing-elements.cy.js",
      "file": "cypress/e2e/webdriver-uni/traversing-elements.cy.js",
      "beforeHooks": [],
      "afterHooks": [],
      "tests": [],
      "suites": [
        {
          "uuid": "cb6f3a53-e5ec-414b-a8bd-50b955242f16",
          "title": "Traversing DOM elements in Cypress",
          "fullFile": "",
          "file": "",
          "beforeHooks": [],
          "afterHooks": [],
          "tests": [
            {
              "title": "children() to get the children of DOM elements",
              "fullTitle": "Traversing DOM elements in Cypress children() to get the children of DOM elements",
              "timedOut": null,
              "duration": 691,
              "state": "passed",
              "speed": "fast",
              "pass": true,
              "fail": false,
              "pending": false,
              "context": null,
              "code": "cy.get(\".traversal-breadcrumb\").children(\".active\").should(\"contain\", \"Contact Us\");",
              "err": {},
              "uuid": "f276a699-5a8b-4cfe-8d79-1ea724ea3c8a",
              "parentUUID": "cb6f3a53-e5ec-414b-a8bd-50b955242f16",
              "isHook": false,
              "skipped": false
            },
            {
              "title": "closest() to validate the closest ancestor DOM element",
              "fullTitle": "Traversing DOM elements in Cypress closest() to validate the closest ancestor DOM element",
              "timedOut": null,
              "duration": 303,
              "state": "passed",
              "speed": "fast",
              "pass": true,
              "fail": false,
              "pending": false,
              "context": null,
              "code": "cy.get(\".traversal-badge\").closest(\"ul\").should(\"have.class\", \"list-group\");",
              "err": {},
              "uuid": "7c6d5800-c63c-44d6-b055-d8ec7cb82b27",
              "parentUUID": "cb6f3a53-e5ec-414b-a8bd-50b955242f16",
              "isHook": false,
              "skipped": false
            },
            {
              "title": "eq() to retrieve a specific element based on index",
              "fullTitle": "Traversing DOM elements in Cypress eq() to retrieve a specific element based on index",
              "timedOut": null,
              "duration": 302,
              "state": "passed",
              "speed": "fast",
              "pass": true,
              "fail": false,
              "pending": false,
              "context": null,
              "code": "cy.get(\".traversal-drinks-list>li\").eq(2).should(\"contain\", \"Milk\");",
              "err": {},
              "uuid": "21604765-241b-4f28-b324-0f68e8f3a15b",
              "parentUUID": "cb6f3a53-e5ec-414b-a8bd-50b955242f16",
              "isHook": false,
              "skipped": false
            },
            {
              "title": "filter() to retrieve DOM elements that match a specific selector",
              "fullTitle": "Traversing DOM elements in Cypress filter() to retrieve DOM elements that match a specific selector",
              "timedOut": null,
              "duration": 290,
              "state": "passed",
              "speed": "fast",
              "pass": true,
              "fail": false,
              "pending": false,
              "context": null,
              "code": "cy.get(\".btn-group-toggle > *\").filter(\".active\").should(\"contain\", \"Button-1\");",
              "err": {},
              "uuid": "2f43b516-6d93-4ce3-a334-faeec26e3019",
              "parentUUID": "cb6f3a53-e5ec-414b-a8bd-50b955242f16",
              "isHook": false,
              "skipped": false
            },
            {
              "title": "find() to retrieve DOM elements of a given selector",
              "fullTitle": "Traversing DOM elements in Cypress find() to retrieve DOM elements of a given selector",
              "timedOut": null,
              "duration": 313,
              "state": "passed",
              "speed": "fast",
              "pass": true,
              "fail": false,
              "pending": false,
              "context": null,
              "code": "cy.get(\".traversal-pagination\").find(\"li\").find(\"a\").should(\"have.length\", 7);",
              "err": {},
              "uuid": "f345560c-6036-433d-a0e7-f903d5e7d29a",
              "parentUUID": "cb6f3a53-e5ec-414b-a8bd-50b955242f16",
              "isHook": false,
              "skipped": false
            },
            {
              "title": "first() to retrieve the first DOM element within elements",
              "fullTitle": "Traversing DOM elements in Cypress first() to retrieve the first DOM element within elements",
              "timedOut": null,
              "duration": 301,
              "state": "passed",
              "speed": "fast",
              "pass": true,
              "fail": false,
              "pending": false,
              "context": null,
              "code": "cy.get(\".traversal-table td\").first().should(\"contain\", \"Andy\");",
              "err": {},
              "uuid": "d56ea7e4-13c1-49f8-89e5-f2bb255c1b19",
              "parentUUID": "cb6f3a53-e5ec-414b-a8bd-50b955242f16",
              "isHook": false,
              "skipped": false
            },
            {
              "title": "last() to retrieve the last DOM element within elements",
              "fullTitle": "Traversing DOM elements in Cypress last() to retrieve the last DOM element within elements",
              "timedOut": null,
              "duration": 299,
              "state": "passed",
              "speed": "fast",
              "pass": true,
              "fail": false,
              "pending": false,
              "context": null,
              "code": "cy.get(\".traversal-table td\").last().should(\"contain\", \"Scott\");",
              "err": {},
              "uuid": "3745d7ad-3b1c-4295-bf98-e4283f014689",
              "parentUUID": "cb6f3a53-e5ec-414b-a8bd-50b955242f16",
              "isHook": false,
              "skipped": false
            },
            {
              "title": "nextAll() to get all of the next sibling DOM elements within elements",
              "fullTitle": "Traversing DOM elements in Cypress nextAll() to get all of the next sibling DOM elements within elements",
              "timedOut": null,
              "duration": 292,
              "state": "passed",
              "speed": "fast",
              "pass": true,
              "fail": false,
              "pending": false,
              "context": null,
              "code": "cy.get(\".traversal-drinks-list\").contains(\"Tea\").nextAll().should(\"have.length\", \"3\");",
              "err": {},
              "uuid": "b9f57bf0-154b-4145-87fb-aec154d97fda",
              "parentUUID": "cb6f3a53-e5ec-414b-a8bd-50b955242f16",
              "isHook": false,
              "skipped": false
            },
            {
              "title": "nextUntil() to get all of the next sibling DOM elements within elements until another element",
              "fullTitle": "Traversing DOM elements in Cypress nextUntil() to get all of the next sibling DOM elements within elements until another element",
              "timedOut": null,
              "duration": 291,
              "state": "passed",
              "speed": "fast",
              "pass": true,
              "fail": false,
              "pending": false,
              "context": null,
              "code": "cy.get(\"#coffee\").nextUntil(\"#milk\").should(\"have.length\", \"1\");",
              "err": {},
              "uuid": "50eae5a2-3885-4990-8537-3f7c611ca0d1",
              "parentUUID": "cb6f3a53-e5ec-414b-a8bd-50b955242f16",
              "isHook": false,
              "skipped": false
            },
            {
              "title": "not() to remove DOM element(s) from the set of elements",
              "fullTitle": "Traversing DOM elements in Cypress not() to remove DOM element(s) from the set of elements",
              "timedOut": null,
              "duration": 308,
              "state": "passed",
              "speed": "fast",
              "pass": true,
              "fail": false,
              "pending": false,
              "context": null,
              "code": "cy.get(\".traversal-button-states > button\").not(\".disabled\").should(\"not.contain\", \"Warning\");",
              "err": {},
              "uuid": "d63fa9b6-7904-4799-b097-a662547418e6",
              "parentUUID": "cb6f3a53-e5ec-414b-a8bd-50b955242f16",
              "isHook": false,
              "skipped": false
            },
            {
              "title": "parent() To get parent DOM element of elements",
              "fullTitle": "Traversing DOM elements in Cypress parent() To get parent DOM element of elements",
              "timedOut": null,
              "duration": 381,
              "state": "passed",
              "speed": "fast",
              "pass": true,
              "fail": false,
              "pending": false,
              "context": null,
              "code": "cy.get(\".traversal-mark\").parent().should(\"contain\", \"sed do eiusmod tempor \");",
              "err": {},
              "uuid": "da484257-5850-4735-877c-b7846c3595b6",
              "parentUUID": "cb6f3a53-e5ec-414b-a8bd-50b955242f16",
              "isHook": false,
              "skipped": false
            },
            {
              "title": "parents() to get parents DOM element of elements",
              "fullTitle": "Traversing DOM elements in Cypress parents() to get parents DOM element of elements",
              "timedOut": null,
              "duration": 481,
              "state": "passed",
              "speed": "fast",
              "pass": true,
              "fail": false,
              "pending": false,
              "context": null,
              "code": "cy.get(\".traversal-cite\").parents().should(\"match\", \"blockquote\");",
              "err": {},
              "uuid": "c7bf9747-4119-4863-8771-578930f0411d",
              "parentUUID": "cb6f3a53-e5ec-414b-a8bd-50b955242f16",
              "isHook": false,
              "skipped": false
            },
            {
              "title": "prev() to get the previous sibling DOM element within elements",
              "fullTitle": "Traversing DOM elements in Cypress prev() to get the previous sibling DOM element within elements",
              "timedOut": null,
              "duration": 282,
              "state": "passed",
              "speed": "fast",
              "pass": true,
              "fail": false,
              "pending": false,
              "context": null,
              "code": "cy.get(\"#sugar\").prev().should(\"contain\", \"Espresso\");",
              "err": {},
              "uuid": "42d6da45-94e7-4cfc-bedf-b316d538a6ce",
              "parentUUID": "cb6f3a53-e5ec-414b-a8bd-50b955242f16",
              "isHook": false,
              "skipped": false
            },
            {
              "title": "prevAll() to get all previous sibling DOM elements within elements",
              "fullTitle": "Traversing DOM elements in Cypress prevAll() to get all previous sibling DOM elements within elements",
              "timedOut": null,
              "duration": 289,
              "state": "passed",
              "speed": "fast",
              "pass": true,
              "fail": false,
              "pending": false,
              "context": null,
              "code": "cy.get(\".menu\").find(\".sales\").prevAll().should(\"have.length\", 2);",
              "err": {},
              "uuid": "6bd5d1c6-f007-47d2-92b4-0f2afa6e48f5",
              "parentUUID": "cb6f3a53-e5ec-414b-a8bd-50b955242f16",
              "isHook": false,
              "skipped": false
            },
            {
              "title": "prevUntil() to get all previous sibling DOM elements within elements until other element",
              "fullTitle": "Traversing DOM elements in Cypress prevUntil() to get all previous sibling DOM elements within elements until other element",
              "timedOut": null,
              "duration": 290,
              "state": "passed",
              "speed": "fast",
              "pass": true,
              "fail": false,
              "pending": false,
              "context": null,
              "code": "cy.get(\"#veggie\").prevUntil(\"#fruits\").should(\"have.length\", 5);",
              "err": {},
              "uuid": "885dcf3c-9c77-44e7-b0a2-1e477849ca79",
              "parentUUID": "cb6f3a53-e5ec-414b-a8bd-50b955242f16",
              "isHook": false,
              "skipped": false
            },
            {
              "title": "siblings() To get all sibling DOM elements of elements",
              "fullTitle": "Traversing DOM elements in Cypress siblings() To get all sibling DOM elements of elements",
              "timedOut": null,
              "duration": 288,
              "state": "passed",
              "speed": "fast",
              "pass": true,
              "fail": false,
              "pending": false,
              "context": null,
              "code": "cy.get(\".traversal-button-other-states .active\").siblings().should(\"have.length\", 3);",
              "err": {},
              "uuid": "58b2ce63-8a89-4d80-8447-f8a6bc9cee9f",
              "parentUUID": "cb6f3a53-e5ec-414b-a8bd-50b955242f16",
              "isHook": false,
              "skipped": false
            }
          ],
          "suites": [],
          "passes": [
            "f276a699-5a8b-4cfe-8d79-1ea724ea3c8a",
            "7c6d5800-c63c-44d6-b055-d8ec7cb82b27",
            "21604765-241b-4f28-b324-0f68e8f3a15b",
            "2f43b516-6d93-4ce3-a334-faeec26e3019",
            "f345560c-6036-433d-a0e7-f903d5e7d29a",
            "d56ea7e4-13c1-49f8-89e5-f2bb255c1b19",
            "3745d7ad-3b1c-4295-bf98-e4283f014689",
            "b9f57bf0-154b-4145-87fb-aec154d97fda",
            "50eae5a2-3885-4990-8537-3f7c611ca0d1",
            "d63fa9b6-7904-4799-b097-a662547418e6",
            "da484257-5850-4735-877c-b7846c3595b6",
            "c7bf9747-4119-4863-8771-578930f0411d",
            "42d6da45-94e7-4cfc-bedf-b316d538a6ce",
            "6bd5d1c6-f007-47d2-92b4-0f2afa6e48f5",
            "885dcf3c-9c77-44e7-b0a2-1e477849ca79",
            "58b2ce63-8a89-4d80-8447-f8a6bc9cee9f"
          ],
          "failures": [],
          "pending": [],
          "skipped": [],
          "duration": 5401,
          "root": false,
          "rootEmpty": false,
          "_timeout": 2000
        }
      ],
      "passes": [],
      "failures": [],
      "pending": [],
      "skipped": [],
      "duration": 0,
      "root": true,
      "rootEmpty": true,
      "_timeout": 2000
    }
  ],
  "meta": {
    "mocha": {
      "version": "7.0.1"
    },
    "mochawesome": {
      "options": {
        "quiet": false,
        "reportFilename": "mochawesome",
        "saveHtml": false,
        "saveJson": true,
        "consoleReporter": "spec",
        "useInlineDiffs": false,
        "code": true
      },
      "version": "7.1.3"
    },
    "marge": {
      "options": {
        "id": "default",
        "reportDir": "cypress/results/mochawesome",
        "overwrite": false,
        "html": false,
        "json": true
      },
      "version": "6.2.0"
    }
  }
}