{
  "stats": {
    "suites": 1,
    "tests": 1,
    "passes": 1,
    "pending": 0,
    "failures": 0,
    "start": "2024-03-17T14:26:57.277Z",
    "end": "2024-03-17T14:26:58.166Z",
    "duration": 889,
    "testsRegistered": 1,
    "passPercent": 100,
    "pendingPercent": 0,
    "other": 0,
    "hasOther": false,
    "skipped": 0,
    "hasSkipped": false
  },
  "results": [
    {
      "uuid": "5c2be4f5-8b78-4874-b6f3-8a3d6762661f",
      "title": "",
      "fullFile": "cypress/e2e/webdriver-uni/radio-buttons.cy.js",
      "file": "cypress/e2e/webdriver-uni/radio-buttons.cy.js",
      "beforeHooks": [],
      "afterHooks": [],
      "tests": [],
      "suites": [
        {
          "uuid": "20a5eb91-b99c-4042-93de-649d9da7a916",
          "title": "Verify radio buttons  via webdriversuni",
          "fullFile": "",
          "file": "",
          "beforeHooks": [],
          "afterHooks": [],
          "tests": [
            {
              "title": "Validate the state of specific radio buttons",
              "fullTitle": "Verify radio buttons  via webdriversuni Validate the state of specific radio buttons",
              "timedOut": null,
              "duration": 840,
              "state": "passed",
              "speed": "fast",
              "pass": true,
              "fail": false,
              "pending": false,
              "context": null,
              "code": "cy.get(\"[value='lettuce']\").should(\"not.be.checked\");\ncy.get(\"[value='pumpkin']\").should(\"be.checked\");\ncy.get(\"[value='lettuce']\").check();\ncy.get(\"[value='lettuce']\").should(\"be.checked\");\ncy.get(\"[value='pumpkin']\").should(\"not.be.checked\");\ncy.get(\"[value='cabbage']\").should(\"be.disabled\");",
              "err": {},
              "uuid": "18a3f0b2-4233-498f-990b-9fd929653172",
              "parentUUID": "20a5eb91-b99c-4042-93de-649d9da7a916",
              "isHook": false,
              "skipped": false
            }
          ],
          "suites": [],
          "passes": [
            "18a3f0b2-4233-498f-990b-9fd929653172"
          ],
          "failures": [],
          "pending": [],
          "skipped": [],
          "duration": 840,
          "root": false,
          "rootEmpty": false,
          "_timeout": 2000
        }
      ],
      "passes": [],
      "failures": [],
      "pending": [],
      "skipped": [],
      "duration": 0,
      "root": true,
      "rootEmpty": true,
      "_timeout": 2000
    }
  ],
  "meta": {
    "mocha": {
      "version": "7.0.1"
    },
    "mochawesome": {
      "options": {
        "quiet": false,
        "reportFilename": "mochawesome",
        "saveHtml": false,
        "saveJson": true,
        "consoleReporter": "spec",
        "useInlineDiffs": false,
        "code": true
      },
      "version": "7.1.3"
    },
    "marge": {
      "options": {
        "id": "default",
        "reportDir": "cypress/results/mochawesome",
        "overwrite": false,
        "html": false,
        "json": true
      },
      "version": "6.2.0"
    }
  }
}