{
  "stats": {
    "suites": 1,
    "tests": 16,
    "passes": 16,
    "pending": 0,
    "failures": 0,
    "start": "2024-03-17T14:27:05.295Z",
    "end": "2024-03-17T14:27:10.786Z",
    "duration": 5491,
    "testsRegistered": 16,
    "passPercent": 100,
    "pendingPercent": 0,
    "other": 0,
    "hasOther": false,
    "skipped": 0,
    "hasSkipped": false
  },
  "results": [
    {
      "uuid": "82c808cb-a45c-454f-8f6e-9dcca71a4a4f",
      "title": "",
      "fullFile": "cypress/e2e/webdriver-uni/traversing-elements.cy.js",
      "file": "cypress/e2e/webdriver-uni/traversing-elements.cy.js",
      "beforeHooks": [],
      "afterHooks": [],
      "tests": [],
      "suites": [
        {
          "uuid": "cb6f3a53-e5ec-414b-a8bd-50b955242f16",
          "title": "Traversing DOM elements in Cypress",
          "fullFile": "",
          "file": "",
          "beforeHooks": [],
          "afterHooks": [],
          "tests": [
            {
              "title": "children() to get the children of DOM elements",
              "fullTitle": "Traversing DOM elements in Cypress children() to get the children of DOM elements",
              "timedOut": null,
              "duration": 691,
              "state": "passed",
              "speed": "fast",
              "pass": true,
              "fail": false,
              "pending": false,
              "context": null,
              "code": "cy.get(\".traversal-breadcrumb\").children(\".active\").should(\"contain\", \"Contact Us\");",
              "err": {},
              "uuid": "f276a699-5a8b-4cfe-8d79-1ea724ea3c8a",
              "parentUUID": "cb6f3a53-e5ec-414b-a8bd-50b955242f16",
              "isHook": false,
              "skipped": false
            },
            {
              "title": "closest() to validate the closest ancestor DOM element",
              "fullTitle": "Traversing DOM elements in Cypress closest() to validate the closest ancestor DOM element",
              "timedOut": null,
              "duration": 303,
              "state": "passed",
              "speed": "fast",
              "pass": true,
              "fail": false,
              "pending": false,
              "context": null,
              "code": "cy.get(\".traversal-badge\").closest(\"ul\").should(\"have.class\", \"list-group\");",
              "err": {},
              "uuid": "7c6d5800-c63c-44d6-b055-d8ec7cb82b27",
              "parentUUID": "cb6f3a53-e5ec-414b-a8bd-50b955242f16",
              "isHook": false,
              "skipped": false
            },
            {
              "title": "eq() to retrieve a specific element based on index",
              "fullTitle": "Traversing DOM elements in Cypress eq() to retrieve a specific element based on index",
              "timedOut": null,
              "duration": 302,
              "state": "passed",
              "speed": "fast",
              "pass": true,
              "fail": false,
              "pending": false,
              "context": null,
              "code": "cy.get(\".traversal-drinks-list>li\").eq(2).should(\"contain\", \"Milk\");",
              "err": {},
              "uuid": "21604765-241b-4f28-b324-0f68e8f3a15b",
              "parentUUID": "cb6f3a53-e5ec-414b-a8bd-50b955242f16",
              "isHook": false,
              "skipped": false
            },
            {
              "title": "filter() to retrieve DOM elements that match a specific selector",
              "fullTitle": "Traversing DOM elements in Cypress filter() to retrieve DOM elements that match a specific selector",
              "timedOut": null,
              "duration": 290,
              "state": "passed",
              "speed": "fast",
              "pass": true,
              "fail": false,
              "pending": false,
              "context": null,
              "code": "cy.get(\".btn-group-toggle > *\").filter(\".active\").should(\"contain\", \"Button-1\");",
              "err": {},
              "uuid": "2f43b516-6d93-4ce3-a334-faeec26e3019",
              "parentUUID": "cb6f3a53-e5ec-414b-a8bd-50b955242f16",
              "isHook": false,
              "skipped": false
            },
            {
              "title": "find() to retrieve DOM elements of a given selector",
              "fullTitle": "Traversing DOM elements in Cypress find() to retrieve DOM elements of a given selector",
              "timedOut": null,
              "duration": 313,
              "state": "passed",
              "speed": "fast",
              "pass": true,
              "fail": false,
              "pending": false,
              "context": null,
              "code": "cy.get(\".traversal-pagination\").find(\"li\").find(\"a\").should(\"have.length\", 7);",
              "err": {},
              "uuid": "f345560c-6036-433d-a0e7-f903d5e7d29a",
              "parentUUID": "cb6f3a53-e5ec-414b-a8bd-50b955242f16",
              "isHook": false,
              "skipped": false
            },
            {
              "title": "first() to retrieve the first DOM element within elements",
              "fullTitle": "Traversing DOM elements in Cypress first() to retrieve the first DOM element within elements",
              "timedOut": null,
              "duration": 301,
              "state": "passed",
              "speed": "fast",
              "pass": true,
              "fail": false,
              "pending": false,
              "context": null,
              "code": "cy.get(\".traversal-table td\").first().should(\"contain\", \"Andy\");",
              "err": {},
              "uuid": "d56ea7e4-13c1-49f8-89e5-f2bb255c1b19",
              "parentUUID": "cb6f3a53-e5ec-414b-a8bd-50b955242f16",
              "isHook": false,
              "skipped": false
            },
            {
              "title": "last() to retrieve the last DOM element within elements",
              "fullTitle": "Traversing DOM elements in Cypress last() to retrieve the last DOM element within elements",
              "timedOut": null,
              "duration": 299,
              "state": "passed",
              "speed": "fast",
              "pass": true,
              "fail": false,
              "pending": false,
              "context": null,
              "code": "cy.get(\".traversal-table td\").last().should(\"contain\", \"Scott\");",
              "err": {},
              "uuid": "3745d7ad-3b1c-4295-bf98-e4283f014689",
              "parentUUID": "cb6f3a53-e5ec-414b-a8bd-50b955242f16",
              "isHook": false,
              "skipped": false
            },
            {
              "title": "nextAll() to get all of the next sibling DOM elements within elements",
              "fullTitle": "Traversing DOM elements in Cypress nextAll() to get all of the next sibling DOM elements within elements",
              "timedOut": null,
              "duration": 292,
              "state": "passed",
              "speed": "fast",
              "pass": true,
              "fail": false,
              "pending": false,
              "context": null,
              "code": "cy.get(\".traversal-drinks-list\").contains(\"Tea\").nextAll().should(\"have.length\", \"3\");",
              "err": {},
              "uuid": "b9f57bf0-154b-4145-87fb-aec154d97fda",
              "parentUUID": "cb6f3a53-e5ec-414b-a8bd-50b955242f16",
              "isHook": false,
              "skipped": false
            },
            {
              "title": "nextUntil() to get all of the next sibling DOM elements within elements until another element",
              "fullTitle": "Traversing DOM elements in Cypress nextUntil() to get all of the next sibling DOM elements within elements until another element",
              "timedOut": null,
              "duration": 291,
              "state": "passed",
              "speed": "fast",
              "pass": true,
              "fail": false,
              "pending": false,
              "context": null,
              "code": "cy.get(\"#coffee\").nextUntil(\"#milk\").should(\"have.length\", \"1\");",
              "err": {},
              "uuid": "50eae5a2-3885-4990-8537-3f7c611ca0d1",
              "parentUUID": "cb6f3a53-e5ec-414b-a8bd-50b955242f16",
              "isHook": false,
              "skipped": false
            },
            {
              "title": "not() to remove DOM element(s) from the set of elements",
              "fullTitle": "Traversing DOM elements in Cypress not() to remove DOM element(s) from the set of elements",
              "timedOut": null,
              "duration": 308,
              "state": "passed",
              "speed": "fast",
              "pass": true,
              "fail": false,
              "pending": false,
              "context": null,
              "code": "cy.get(\".traversal-button-states > button\").not(\".disabled\").should(\"not.contain\", \"Warning\");",
              "err": {},
              "uuid": "d63fa9b6-7904-4799-b097-a662547418e6",
              "parentUUID": "cb6f3a53-e5ec-414b-a8bd-50b955242f16",
              "isHook": false,
              "skipped": false
            },
            {
              "title": "parent() To get parent DOM element of elements",
              "fullTitle": "Traversing DOM elements in Cypress parent() To get parent DOM element of elements",
              "timedOut": null,
              "duration": 381,
              "state": "passed",
              "speed": "fast",
              "pass": true,
              "fail": false,
              "pending": false,
              "context": null,
              "code": "cy.get(\".traversal-mark\").parent().should(\"contain\", \"sed do eiusmod tempor \");",
              "err": {},
              "uuid": "da484257-5850-4735-877c-b7846c3595b6",
              "parentUUID": "cb6f3a53-e5ec-414b-a8bd-50b955242f16",
              "isHook": false,
              "skipped": false
            },
            {
              "title": "parents() to get parents DOM element of elements",
              "fullTitle": "Traversing DOM elements in Cypress parents() to get parents DOM element of elements",
              "timedOut": null,
              "duration": 481,
              "state": "passed",
              "speed": "fast",
              "pass": true,
              "fail": false,
              "pending": false,
              "context": null,
              "code": "cy.get(\".traversal-cite\").parents().should(\"match\", \"blockquote\");",
              "err": {},
              "uuid": "c7bf9747-4119-4863-8771-578930f0411d",
              "parentUUID": "cb6f3a53-e5ec-414b-a8bd-50b955242f16",
              "isHook": false,
              "skipped": false
            },
            {
              "title": "prev() to get the previous sibling DOM element within elements",
              "fullTitle": "Traversing DOM elements in Cypress prev() to get the previous sibling DOM element within elements",
              "timedOut": null,
              "duration": 282,
              "state": "passed",
              "speed": "fast",
              "pass": true,
              "fail": false,
              "pending": false,
              "context": null,
              "code": "cy.get(\"#sugar\").prev().should(\"contain\", \"Espresso\");",
              "err": {},
              "uuid": "42d6da45-94e7-4cfc-bedf-b316d538a6ce",
              "parentUUID": "cb6f3a53-e5ec-414b-a8bd-50b955242f16",
              "isHook": false,
              "skipped": false
            },
            {
              "title": "prevAll() to get all previous sibling DOM elements within elements",
              "fullTitle": "Traversing DOM elements in Cypress prevAll() to get all previous sibling DOM elements within elements",
              "timedOut": null,
              "duration": 289,
              "state": "passed",
              "speed": "fast",
              "pass": true,
              "fail": false,
              "pending": false,
              "context": null,
              "code": "cy.get(\".menu\").find(\".sales\").prevAll().should(\"have.length\", 2);",
              "err": {},
              "uuid": "6bd5d1c6-f007-47d2-92b4-0f2afa6e48f5",
              "parentUUID": "cb6f3a53-e5ec-414b-a8bd-50b955242f16",
              "isHook": false,
              "skipped": false
            },
            {
              "title": "prevUntil() to get all previous sibling DOM elements within elements until other element",
              "fullTitle": "Traversing DOM elements in Cypress prevUntil() to get all previous sibling DOM elements within elements until other element",
              "timedOut": null,
              "duration": 290,
              "state": "passed",
              "speed": "fast",
              "pass": true,
              "fail": false,
              "pending": false,
              "context": null,
              "code": "cy.get(\"#veggie\").prevUntil(\"#fruits\").should(\"have.length\", 5);",
              "err": {},
              "uuid": "885dcf3c-9c77-44e7-b0a2-1e477849ca79",
              "parentUUID": "cb6f3a53-e5ec-414b-a8bd-50b955242f16",
              "isHook": false,
              "skipped": false
            },
            {
              "title": "siblings() To get all sibling DOM elements of elements",
              "fullTitle": "Traversing DOM elements in Cypress siblings() To get all sibling DOM elements of elements",
              "timedOut": null,
              "duration": 288,
              "state": "passed",
              "speed": "fast",
              "pass": true,
              "fail": false,
              "pending": false,
              "context": null,
              "code": "cy.get(\".traversal-button-other-states .active\").siblings().should(\"have.length\", 3);",
              "err": {},
              "uuid": "58b2ce63-8a89-4d80-8447-f8a6bc9cee9f",
              "parentUUID": "cb6f3a53-e5ec-414b-a8bd-50b955242f16",
              "isHook": false,
              "skipped": false
            }
          ],
          "suites": [],
          "passes": [
            "f276a699-5a8b-4cfe-8d79-1ea724ea3c8a",
            "7c6d5800-c63c-44d6-b055-d8ec7cb82b27",
            "21604765-241b-4f28-b324-0f68e8f3a15b",
            "2f43b516-6d93-4ce3-a334-faeec26e3019",
            "f345560c-6036-433d-a0e7-f903d5e7d29a",
            "d56ea7e4-13c1-49f8-89e5-f2bb255c1b19",
            "3745d7ad-3b1c-4295-bf98-e4283f014689",
            "b9f57bf0-154b-4145-87fb-aec154d97fda",
            "50eae5a2-3885-4990-8537-3f7c611ca0d1",
            "d63fa9b6-7904-4799-b097-a662547418e6",
            "da484257-5850-4735-877c-b7846c3595b6",
            "c7bf9747-4119-4863-8771-578930f0411d",
            "42d6da45-94e7-4cfc-bedf-b316d538a6ce",
            "6bd5d1c6-f007-47d2-92b4-0f2afa6e48f5",
            "885dcf3c-9c77-44e7-b0a2-1e477849ca79",
            "58b2ce63-8a89-4d80-8447-f8a6bc9cee9f"
          ],
          "failures": [],
          "pending": [],
          "skipped": [],
          "duration": 5401,
          "root": false,
          "rootEmpty": false,
          "_timeout": 2000
        }
      ],
      "passes": [],
      "failures": [],
      "pending": [],
      "skipped": [],
      "duration": 0,
      "root": true,
      "rootEmpty": true,
      "_timeout": 2000
    }
  ],
  "meta": {
    "mocha": {
      "version": "7.0.1"
    },
    "mochawesome": {
      "options": {
        "quiet": false,
        "reportFilename": "mochawesome",
        "saveHtml": false,
        "saveJson": true,
        "consoleReporter": "spec",
        "useInlineDiffs": false,
        "code": true
      },
      "version": "7.1.3"
    },
    "marge": {
      "options": {
        "id": "default",
        "reportDir": "cypress/results/mochawesome",
        "overwrite": false,
        "html": false,
        "json": true
      },
      "version": "6.2.0"
    }
  }
}