{
  "stats": {
    "suites": 1,
    "tests": 4,
    "passes": 4,
    "pending": 0,
    "failures": 0,
    "start": "2024-03-19T14:16:06.272Z",
    "end": "2024-03-19T14:16:13.548Z",
    "duration": 7276,
    "testsRegistered": 4,
    "passPercent": 100,
    "pendingPercent": 0,
    "other": 0,
    "hasOther": false,
    "skipped": 0,
    "hasSkipped": false
  },
  "results": [
    {
      "uuid": "85d305b3-d353-48f6-bdd3-15334c5eb565",
      "title": "",
      "fullFile": "cypress/e2e/automation-test-store/iterate-over-elements.cy.js",
      "file": "cypress/e2e/automation-test-store/iterate-over-elements.cy.js",
      "beforeHooks": [],
      "afterHooks": [],
      "tests": [],
      "suites": [
        {
          "uuid": "015bff48-458e-4109-bb9c-db650bd6d1c0",
          "title": "Iterate over elements  ",
          "fullFile": "",
          "file": "",
          "beforeHooks": [],
          "afterHooks": [],
          "tests": [
            {
              "title": "Log information of all hair care products",
              "fullTitle": "Iterate over elements   Log information of all hair care products",
              "timedOut": null,
              "duration": 1751,
              "state": "passed",
              "speed": "fast",
              "pass": true,
              "fail": false,
              "pending": false,
              "context": null,
              "code": "cy.get(\".fixed_wrapper .prdocutname\").each(($el, index, $list) => {\n  cy.log(\"Index: \" + index + \" : \" + $el.text());\n});",
              "err": {},
              "uuid": "ced7a4aa-a27d-4b8a-8965-f2f43c17c0e2",
              "parentUUID": "015bff48-458e-4109-bb9c-db650bd6d1c0",
              "isHook": false,
              "skipped": false
            },
            {
              "title": "Add specific product to basket",
              "fullTitle": "Iterate over elements   Add specific product to basket",
              "timedOut": null,
              "duration": 1259,
              "state": "passed",
              "speed": "fast",
              "pass": true,
              "fail": false,
              "pending": false,
              "context": null,
              "code": "// This code house now in Custom Commands..\n// cy.get(\".fixed_wrapper .prdocutname\").each(($el, index, $list) => {\n//   if ($el.text().includes(\"Curls to straight Shampoo\")) {\n//     cy.wrap($el).click();\n//   }\n// });\ncy.selectProduct(\"Curls to straight Shampoo\");",
              "err": {},
              "uuid": "c9c6ccca-833b-4321-98b1-304dec7c2942",
              "parentUUID": "015bff48-458e-4109-bb9c-db650bd6d1c0",
              "isHook": false,
              "skipped": false
            },
            {
              "title": "Add another specific product to basket",
              "fullTitle": "Iterate over elements   Add another specific product to basket",
              "timedOut": null,
              "duration": 1227,
              "state": "passed",
              "speed": "fast",
              "pass": true,
              "fail": false,
              "pending": false,
              "context": null,
              "code": "cy.selectProduct(\"Seaweed Conditioner\");",
              "err": {},
              "uuid": "c2e0dc42-1da0-4962-81c0-3d3f6a292da7",
              "parentUUID": "015bff48-458e-4109-bb9c-db650bd6d1c0",
              "isHook": false,
              "skipped": false
            },
            {
              "title": "Add Eau Parfumee au The Vert Shampoo product to basket",
              "fullTitle": "Iterate over elements   Add Eau Parfumee au The Vert Shampoo product to basket",
              "timedOut": null,
              "duration": 1240,
              "state": "passed",
              "speed": "fast",
              "pass": true,
              "fail": false,
              "pending": false,
              "context": null,
              "code": "cy.selectProduct(\"Eau Parfumee au The Vert Shampoo\");",
              "err": {},
              "uuid": "9f7cdadf-558f-4e96-96e5-5dd2ac960a20",
              "parentUUID": "015bff48-458e-4109-bb9c-db650bd6d1c0",
              "isHook": false,
              "skipped": false
            }
          ],
          "suites": [],
          "passes": [
            "ced7a4aa-a27d-4b8a-8965-f2f43c17c0e2",
            "c9c6ccca-833b-4321-98b1-304dec7c2942",
            "c2e0dc42-1da0-4962-81c0-3d3f6a292da7",
            "9f7cdadf-558f-4e96-96e5-5dd2ac960a20"
          ],
          "failures": [],
          "pending": [],
          "skipped": [],
          "duration": 5477,
          "root": false,
          "rootEmpty": false,
          "_timeout": 2000
        }
      ],
      "passes": [],
      "failures": [],
      "pending": [],
      "skipped": [],
      "duration": 0,
      "root": true,
      "rootEmpty": true,
      "_timeout": 2000
    }
  ],
  "meta": {
    "mocha": {
      "version": "7.0.1"
    },
    "mochawesome": {
      "options": {
        "quiet": false,
        "reportFilename": "mochawesome",
        "saveHtml": false,
        "saveJson": true,
        "consoleReporter": "spec",
        "useInlineDiffs": false,
        "code": true
      },
      "version": "7.1.3"
    },
    "marge": {
      "options": {
        "id": "default",
        "reportDir": "cypress/results/mochawesome",
        "overwrite": false,
        "html": false,
        "json": true
      },
      "version": "6.2.0"
    }
  }
}