{
  "stats": {
    "suites": 1,
    "tests": 2,
    "passes": 2,
    "pending": 0,
    "failures": 0,
    "start": "2024-03-17T13:53:10.324Z",
    "end": "2024-03-17T13:53:14.188Z",
    "duration": 3864,
    "testsRegistered": 2,
    "passPercent": 100,
    "pendingPercent": 0,
    "other": 0,
    "hasOther": false,
    "skipped": 0,
    "hasSkipped": false
  },
  "results": [
    {
      "uuid": "dff58e41-c64a-4c16-8e2d-3476f5a3ebea",
      "title": "",
      "fullFile": "cypress/e2e/webdriver-uni/contact-us.cy.js",
      "file": "cypress/e2e/webdriver-uni/contact-us.cy.js",
      "beforeHooks": [],
      "afterHooks": [],
      "tests": [],
      "suites": [
        {
          "uuid": "17777984-78ab-4c1b-a465-bf4d30e5bc8c",
          "title": "Test Contact Us form via WebdriverUni",
          "fullFile": "",
          "file": "",
          "beforeHooks": [],
          "afterHooks": [],
          "tests": [
            {
              "title": "Should be able to submit a successful submission vie contact us form",
              "fullTitle": "Test Contact Us form via WebdriverUni Should be able to submit a successful submission vie contact us form",
              "timedOut": null,
              "duration": 2349,
              "state": "passed",
              "speed": "fast",
              "pass": true,
              "fail": false,
              "pending": false,
              "context": null,
              "code": "cy.document().should(\"have.property\", \"charset\").and(\"eq\", \"UTF-8\");\ncy.title().should(\"include\", \"WebDriver | Contact Us\");\ncy.url().should(\"include\", \"contactus\");\ncontact_Us_PO.contactForm_Submission(Cypress.env(\"first_name\"), data.last_name, data.email, \"How i can learn Cypress?\", \"h1\", \"Thank You for your Message!\");",
              "err": {},
              "uuid": "a49b8de9-6d29-4e72-b836-fa4ed223f490",
              "parentUUID": "17777984-78ab-4c1b-a465-bf4d30e5bc8c",
              "isHook": false,
              "skipped": false
            },
            {
              "title": "Should not be able to submit a successful submission vie contact us form as fields are required ",
              "fullTitle": "Test Contact Us form via WebdriverUni Should not be able to submit a successful submission vie contact us form as fields are required ",
              "timedOut": null,
              "duration": 1487,
              "state": "passed",
              "speed": "fast",
              "pass": true,
              "fail": false,
              "pending": false,
              "context": null,
              "code": "contact_Us_PO.contactForm_Submission(data.first_name, data.last_name, \" \", \"How i can learn Cypress?\", \"body\", \"Error: Invalid email address\");",
              "err": {},
              "uuid": "07c5c702-622c-416e-9f18-9139b8849e15",
              "parentUUID": "17777984-78ab-4c1b-a465-bf4d30e5bc8c",
              "isHook": false,
              "skipped": false
            }
          ],
          "suites": [],
          "passes": [
            "a49b8de9-6d29-4e72-b836-fa4ed223f490",
            "07c5c702-622c-416e-9f18-9139b8849e15"
          ],
          "failures": [],
          "pending": [],
          "skipped": [],
          "duration": 3836,
          "root": false,
          "rootEmpty": false,
          "_timeout": 2000
        }
      ],
      "passes": [],
      "failures": [],
      "pending": [],
      "skipped": [],
      "duration": 0,
      "root": true,
      "rootEmpty": true,
      "_timeout": 2000
    }
  ],
  "meta": {
    "mocha": {
      "version": "7.0.1"
    },
    "mochawesome": {
      "options": {
        "quiet": false,
        "reportFilename": "mochawesome",
        "saveHtml": false,
        "saveJson": true,
        "consoleReporter": "spec",
        "useInlineDiffs": false,
        "code": true
      },
      "version": "7.1.3"
    },
    "marge": {
      "options": {
        "id": "default",
        "reportDir": "cypress/results/mochawesome",
        "overwrite": false,
        "html": false,
        "json": true
      },
      "version": "6.2.0"
    }
  }
}