{
  "stats": {
    "suites": 1,
    "tests": 1,
    "passes": 1,
    "pending": 0,
    "failures": 0,
    "start": "2024-03-19T14:22:32.628Z",
    "end": "2024-03-19T14:22:38.980Z",
    "duration": 6352,
    "testsRegistered": 1,
    "passPercent": 100,
    "pendingPercent": 0,
    "other": 0,
    "hasOther": false,
    "skipped": 0,
    "hasSkipped": false
  },
  "results": [
    {
      "uuid": "6c00c1cb-f7b9-431e-91b3-e11c97098ce7",
      "title": "",
      "fullFile": "cypress/e2e/automation-test-store/add-multiple-items-to-basket.cy.js",
      "file": "cypress/e2e/automation-test-store/add-multiple-items-to-basket.cy.js",
      "beforeHooks": [],
      "afterHooks": [],
      "tests": [],
      "suites": [
        {
          "uuid": "31f6abbe-04e4-4b93-bc68-5487e4bdb08b",
          "title": "Add multiple items to basket",
          "fullFile": "",
          "file": "",
          "beforeHooks": [],
          "afterHooks": [],
          "tests": [
            {
              "title": "Add specific items to basket",
              "fullTitle": "Add multiple items to basket Add specific items to basket",
              "timedOut": null,
              "duration": 3674,
              "state": "passed",
              "speed": "fast",
              "pass": true,
              "fail": false,
              "pending": false,
              "context": null,
              "code": "autoStore_HairCare_PO.addHairCareProductsToBasket();",
              "err": {},
              "uuid": "dab43122-42c2-42e9-aba1-d1b3dd047738",
              "parentUUID": "31f6abbe-04e4-4b93-bc68-5487e4bdb08b",
              "isHook": false,
              "skipped": false
            }
          ],
          "suites": [],
          "passes": [
            "dab43122-42c2-42e9-aba1-d1b3dd047738"
          ],
          "failures": [],
          "pending": [],
          "skipped": [],
          "duration": 3674,
          "root": false,
          "rootEmpty": false,
          "_timeout": 2000
        }
      ],
      "passes": [],
      "failures": [],
      "pending": [],
      "skipped": [],
      "duration": 0,
      "root": true,
      "rootEmpty": true,
      "_timeout": 2000
    }
  ],
  "meta": {
    "mocha": {
      "version": "7.0.1"
    },
    "mochawesome": {
      "options": {
        "quiet": false,
        "reportFilename": "mochawesome",
        "saveHtml": false,
        "saveJson": true,
        "consoleReporter": "spec",
        "useInlineDiffs": false,
        "code": true
      },
      "version": "7.1.3"
    },
    "marge": {
      "options": {
        "id": "default",
        "reportDir": "cypress/results/mochawesome",
        "overwrite": false,
        "html": false,
        "json": true
      },
      "version": "6.2.0"
    }
  }
}