{
  "stats": {
    "suites": 1,
    "tests": 16,
    "passes": 16,
    "pending": 0,
    "failures": 0,
    "start": "2024-03-17T13:53:43.101Z",
    "end": "2024-03-17T13:53:48.943Z",
    "duration": 5842,
    "testsRegistered": 16,
    "passPercent": 100,
    "pendingPercent": 0,
    "other": 0,
    "hasOther": false,
    "skipped": 0,
    "hasSkipped": false
  },
  "results": [
    {
      "uuid": "f4bc2978-0ca2-4301-8f44-969e7f490a17",
      "title": "",
      "fullFile": "cypress/e2e/webdriver-uni/traversing-elements.cy.js",
      "file": "cypress/e2e/webdriver-uni/traversing-elements.cy.js",
      "beforeHooks": [],
      "afterHooks": [],
      "tests": [],
      "suites": [
        {
          "uuid": "510f8db8-1cfc-4f7e-b3a7-9c19ba700744",
          "title": "Traversing DOM elements in Cypress",
          "fullFile": "",
          "file": "",
          "beforeHooks": [],
          "afterHooks": [],
          "tests": [
            {
              "title": "children() to get the children of DOM elements",
              "fullTitle": "Traversing DOM elements in Cypress children() to get the children of DOM elements",
              "timedOut": null,
              "duration": 865,
              "state": "passed",
              "speed": "fast",
              "pass": true,
              "fail": false,
              "pending": false,
              "context": null,
              "code": "cy.get(\".traversal-breadcrumb\").children(\".active\").should(\"contain\", \"Contact Us\");",
              "err": {},
              "uuid": "dab371a9-1382-44b4-bcf6-f3a719fbe97f",
              "parentUUID": "510f8db8-1cfc-4f7e-b3a7-9c19ba700744",
              "isHook": false,
              "skipped": false
            },
            {
              "title": "closest() to validate the closest ancestor DOM element",
              "fullTitle": "Traversing DOM elements in Cypress closest() to validate the closest ancestor DOM element",
              "timedOut": null,
              "duration": 326,
              "state": "passed",
              "speed": "fast",
              "pass": true,
              "fail": false,
              "pending": false,
              "context": null,
              "code": "cy.get(\".traversal-badge\").closest(\"ul\").should(\"have.class\", \"list-group\");",
              "err": {},
              "uuid": "01a177e0-06a7-4025-919e-0c912114b686",
              "parentUUID": "510f8db8-1cfc-4f7e-b3a7-9c19ba700744",
              "isHook": false,
              "skipped": false
            },
            {
              "title": "eq() to retrieve a specific element based on index",
              "fullTitle": "Traversing DOM elements in Cypress eq() to retrieve a specific element based on index",
              "timedOut": null,
              "duration": 301,
              "state": "passed",
              "speed": "fast",
              "pass": true,
              "fail": false,
              "pending": false,
              "context": null,
              "code": "cy.get(\".traversal-drinks-list>li\").eq(2).should(\"contain\", \"Milk\");",
              "err": {},
              "uuid": "c38128f1-1f80-4b87-bb09-987b042180cf",
              "parentUUID": "510f8db8-1cfc-4f7e-b3a7-9c19ba700744",
              "isHook": false,
              "skipped": false
            },
            {
              "title": "filter() to retrieve DOM elements that match a specific selector",
              "fullTitle": "Traversing DOM elements in Cypress filter() to retrieve DOM elements that match a specific selector",
              "timedOut": null,
              "duration": 299,
              "state": "passed",
              "speed": "fast",
              "pass": true,
              "fail": false,
              "pending": false,
              "context": null,
              "code": "cy.get(\".btn-group-toggle > *\").filter(\".active\").should(\"contain\", \"Button-1\");",
              "err": {},
              "uuid": "1696845b-a4b5-462e-a452-b18aabdc995d",
              "parentUUID": "510f8db8-1cfc-4f7e-b3a7-9c19ba700744",
              "isHook": false,
              "skipped": false
            },
            {
              "title": "find() to retrieve DOM elements of a given selector",
              "fullTitle": "Traversing DOM elements in Cypress find() to retrieve DOM elements of a given selector",
              "timedOut": null,
              "duration": 299,
              "state": "passed",
              "speed": "fast",
              "pass": true,
              "fail": false,
              "pending": false,
              "context": null,
              "code": "cy.get(\".traversal-pagination\").find(\"li\").find(\"a\").should(\"have.length\", 7);",
              "err": {},
              "uuid": "5cf3327a-cc3e-4fe0-a46c-0ca4443ad0f6",
              "parentUUID": "510f8db8-1cfc-4f7e-b3a7-9c19ba700744",
              "isHook": false,
              "skipped": false
            },
            {
              "title": "first() to retrieve the first DOM element within elements",
              "fullTitle": "Traversing DOM elements in Cypress first() to retrieve the first DOM element within elements",
              "timedOut": null,
              "duration": 282,
              "state": "passed",
              "speed": "fast",
              "pass": true,
              "fail": false,
              "pending": false,
              "context": null,
              "code": "cy.get(\".traversal-table td\").first().should(\"contain\", \"Andy\");",
              "err": {},
              "uuid": "d897c887-be95-4ddc-8eb6-59264888273d",
              "parentUUID": "510f8db8-1cfc-4f7e-b3a7-9c19ba700744",
              "isHook": false,
              "skipped": false
            },
            {
              "title": "last() to retrieve the last DOM element within elements",
              "fullTitle": "Traversing DOM elements in Cypress last() to retrieve the last DOM element within elements",
              "timedOut": null,
              "duration": 290,
              "state": "passed",
              "speed": "fast",
              "pass": true,
              "fail": false,
              "pending": false,
              "context": null,
              "code": "cy.get(\".traversal-table td\").last().should(\"contain\", \"Scott\");",
              "err": {},
              "uuid": "66387bb5-4ade-42d1-9580-124ae6638e42",
              "parentUUID": "510f8db8-1cfc-4f7e-b3a7-9c19ba700744",
              "isHook": false,
              "skipped": false
            },
            {
              "title": "nextAll() to get all of the next sibling DOM elements within elements",
              "fullTitle": "Traversing DOM elements in Cypress nextAll() to get all of the next sibling DOM elements within elements",
              "timedOut": null,
              "duration": 301,
              "state": "passed",
              "speed": "fast",
              "pass": true,
              "fail": false,
              "pending": false,
              "context": null,
              "code": "cy.get(\".traversal-drinks-list\").contains(\"Tea\").nextAll().should(\"have.length\", \"3\");",
              "err": {},
              "uuid": "9e473c50-7c05-4867-acfb-0ddee931af52",
              "parentUUID": "510f8db8-1cfc-4f7e-b3a7-9c19ba700744",
              "isHook": false,
              "skipped": false
            },
            {
              "title": "nextUntil() to get all of the next sibling DOM elements within elements until another element",
              "fullTitle": "Traversing DOM elements in Cypress nextUntil() to get all of the next sibling DOM elements within elements until another element",
              "timedOut": null,
              "duration": 390,
              "state": "passed",
              "speed": "fast",
              "pass": true,
              "fail": false,
              "pending": false,
              "context": null,
              "code": "cy.get(\"#coffee\").nextUntil(\"#milk\").should(\"have.length\", \"1\");",
              "err": {},
              "uuid": "ba7d5a5f-f07c-4c4c-ac4b-59af9cfbdf9a",
              "parentUUID": "510f8db8-1cfc-4f7e-b3a7-9c19ba700744",
              "isHook": false,
              "skipped": false
            },
            {
              "title": "not() to remove DOM element(s) from the set of elements",
              "fullTitle": "Traversing DOM elements in Cypress not() to remove DOM element(s) from the set of elements",
              "timedOut": null,
              "duration": 455,
              "state": "passed",
              "speed": "fast",
              "pass": true,
              "fail": false,
              "pending": false,
              "context": null,
              "code": "cy.get(\".traversal-button-states > button\").not(\".disabled\").should(\"not.contain\", \"Warning\");",
              "err": {},
              "uuid": "e4334404-2962-40f3-9cc1-92cc657f6156",
              "parentUUID": "510f8db8-1cfc-4f7e-b3a7-9c19ba700744",
              "isHook": false,
              "skipped": false
            },
            {
              "title": "parent() To get parent DOM element of elements",
              "fullTitle": "Traversing DOM elements in Cypress parent() To get parent DOM element of elements",
              "timedOut": null,
              "duration": 482,
              "state": "passed",
              "speed": "fast",
              "pass": true,
              "fail": false,
              "pending": false,
              "context": null,
              "code": "cy.get(\".traversal-mark\").parent().should(\"contain\", \"sed do eiusmod tempor \");",
              "err": {},
              "uuid": "041b553f-7fe7-4930-8024-9bbf7ae81cd7",
              "parentUUID": "510f8db8-1cfc-4f7e-b3a7-9c19ba700744",
              "isHook": false,
              "skipped": false
            },
            {
              "title": "parents() to get parents DOM element of elements",
              "fullTitle": "Traversing DOM elements in Cypress parents() to get parents DOM element of elements",
              "timedOut": null,
              "duration": 305,
              "state": "passed",
              "speed": "fast",
              "pass": true,
              "fail": false,
              "pending": false,
              "context": null,
              "code": "cy.get(\".traversal-cite\").parents().should(\"match\", \"blockquote\");",
              "err": {},
              "uuid": "a4a08949-1176-4e27-9753-e6cc8c7aff52",
              "parentUUID": "510f8db8-1cfc-4f7e-b3a7-9c19ba700744",
              "isHook": false,
              "skipped": false
            },
            {
              "title": "prev() to get the previous sibling DOM element within elements",
              "fullTitle": "Traversing DOM elements in Cypress prev() to get the previous sibling DOM element within elements",
              "timedOut": null,
              "duration": 283,
              "state": "passed",
              "speed": "fast",
              "pass": true,
              "fail": false,
              "pending": false,
              "context": null,
              "code": "cy.get(\"#sugar\").prev().should(\"contain\", \"Espresso\");",
              "err": {},
              "uuid": "fe8fcd86-8edc-418d-9c7a-85e0f1482283",
              "parentUUID": "510f8db8-1cfc-4f7e-b3a7-9c19ba700744",
              "isHook": false,
              "skipped": false
            },
            {
              "title": "prevAll() to get all previous sibling DOM elements within elements",
              "fullTitle": "Traversing DOM elements in Cypress prevAll() to get all previous sibling DOM elements within elements",
              "timedOut": null,
              "duration": 311,
              "state": "passed",
              "speed": "fast",
              "pass": true,
              "fail": false,
              "pending": false,
              "context": null,
              "code": "cy.get(\".menu\").find(\".sales\").prevAll().should(\"have.length\", 2);",
              "err": {},
              "uuid": "7abc06b5-4268-4447-a8c8-9d134e456f37",
              "parentUUID": "510f8db8-1cfc-4f7e-b3a7-9c19ba700744",
              "isHook": false,
              "skipped": false
            },
            {
              "title": "prevUntil() to get all previous sibling DOM elements within elements until other element",
              "fullTitle": "Traversing DOM elements in Cypress prevUntil() to get all previous sibling DOM elements within elements until other element",
              "timedOut": null,
              "duration": 279,
              "state": "passed",
              "speed": "fast",
              "pass": true,
              "fail": false,
              "pending": false,
              "context": null,
              "code": "cy.get(\"#veggie\").prevUntil(\"#fruits\").should(\"have.length\", 5);",
              "err": {},
              "uuid": "3adbac5d-fe23-44b9-9880-237570e51a91",
              "parentUUID": "510f8db8-1cfc-4f7e-b3a7-9c19ba700744",
              "isHook": false,
              "skipped": false
            },
            {
              "title": "siblings() To get all sibling DOM elements of elements",
              "fullTitle": "Traversing DOM elements in Cypress siblings() To get all sibling DOM elements of elements",
              "timedOut": null,
              "duration": 273,
              "state": "passed",
              "speed": "fast",
              "pass": true,
              "fail": false,
              "pending": false,
              "context": null,
              "code": "cy.get(\".traversal-button-other-states .active\").siblings().should(\"have.length\", 3);",
              "err": {},
              "uuid": "7be5bccd-4ee4-4e08-b9e6-bb2952a4ca04",
              "parentUUID": "510f8db8-1cfc-4f7e-b3a7-9c19ba700744",
              "isHook": false,
              "skipped": false
            }
          ],
          "suites": [],
          "passes": [
            "dab371a9-1382-44b4-bcf6-f3a719fbe97f",
            "01a177e0-06a7-4025-919e-0c912114b686",
            "c38128f1-1f80-4b87-bb09-987b042180cf",
            "1696845b-a4b5-462e-a452-b18aabdc995d",
            "5cf3327a-cc3e-4fe0-a46c-0ca4443ad0f6",
            "d897c887-be95-4ddc-8eb6-59264888273d",
            "66387bb5-4ade-42d1-9580-124ae6638e42",
            "9e473c50-7c05-4867-acfb-0ddee931af52",
            "ba7d5a5f-f07c-4c4c-ac4b-59af9cfbdf9a",
            "e4334404-2962-40f3-9cc1-92cc657f6156",
            "041b553f-7fe7-4930-8024-9bbf7ae81cd7",
            "a4a08949-1176-4e27-9753-e6cc8c7aff52",
            "fe8fcd86-8edc-418d-9c7a-85e0f1482283",
            "7abc06b5-4268-4447-a8c8-9d134e456f37",
            "3adbac5d-fe23-44b9-9880-237570e51a91",
            "7be5bccd-4ee4-4e08-b9e6-bb2952a4ca04"
          ],
          "failures": [],
          "pending": [],
          "skipped": [],
          "duration": 5741,
          "root": false,
          "rootEmpty": false,
          "_timeout": 2000
        }
      ],
      "passes": [],
      "failures": [],
      "pending": [],
      "skipped": [],
      "duration": 0,
      "root": true,
      "rootEmpty": true,
      "_timeout": 2000
    }
  ],
  "meta": {
    "mocha": {
      "version": "7.0.1"
    },
    "mochawesome": {
      "options": {
        "quiet": false,
        "reportFilename": "mochawesome",
        "saveHtml": false,
        "saveJson": true,
        "consoleReporter": "spec",
        "useInlineDiffs": false,
        "code": true
      },
      "version": "7.1.3"
    },
    "marge": {
      "options": {
        "id": "default",
        "reportDir": "cypress/results/mochawesome",
        "overwrite": false,
        "html": false,
        "json": true
      },
      "version": "6.2.0"
    }
  }
}