{
  "stats": {
    "suites": 1,
    "tests": 1,
    "passes": 1,
    "pending": 0,
    "failures": 0,
    "start": "2024-03-17T14:26:25.520Z",
    "end": "2024-03-17T14:26:26.926Z",
    "duration": 1406,
    "testsRegistered": 1,
    "passPercent": 100,
    "pendingPercent": 0,
    "other": 0,
    "hasOther": false,
    "skipped": 0,
    "hasSkipped": false
  },
  "results": [
    {
      "uuid": "e4a289f5-238e-4ff5-ad86-04cd7d032d5c",
      "title": "",
      "fullFile": "cypress/e2e/webdriver-uni/autocomplete-dropdown-list.cy.js",
      "file": "cypress/e2e/webdriver-uni/autocomplete-dropdown-list.cy.js",
      "beforeHooks": [],
      "afterHooks": [],
      "tests": [],
      "suites": [
        {
          "uuid": "04baf747-ee46-41c5-b3ac-a158ba2016d5",
          "title": "Verify Autocomplete dropdown list via webdriversuni",
          "fullFile": "",
          "file": "",
          "beforeHooks": [],
          "afterHooks": [],
          "tests": [
            {
              "title": "Select specific product via autocomplete list",
              "fullTitle": "Verify Autocomplete dropdown list via webdriversuni Select specific product via autocomplete list",
              "timedOut": null,
              "duration": 1372,
              "state": "passed",
              "speed": "fast",
              "pass": true,
              "fail": false,
              "pending": false,
              "context": null,
              "code": "cy.visit(\"/\");\ncy.get(\"#autocomplete-textfield\").invoke(\"removeAttr\", \"target\").click({\n  force: true\n});\ncy.get(\"#myInput\").type(\"A\");\ncy.get(\"#myInputautocomplete-list > *\").each(($el, index, $list) => {\n  const prod = $el.text();\n  const productToSelect = \"Avacado\";\n  if (prod === productToSelect) {\n    //   $el.click();\n    $el.trigger(\"click\");\n    cy.get(\"#submit-button\").click();\n    cy.url().should(\"include\", productToSelect);\n  }\n}).then(() => {\n  cy.get(\"#myInput\").type(\"G\");\n  cy.get(\"#myInputautocomplete-list > *\").each(($el, index, $list) => {\n    const prod = $el.text();\n    const productToSelect = \"Grapes\";\n    if (prod === \"Grapes\") {\n      // $el.click();\n      $el.trigger(\"click\");\n      cy.get(\"#submit-button\").click();\n      cy.url().should(\"include\", \"Grapes\");\n    }\n  });\n});",
              "err": {},
              "uuid": "7f751f11-77b7-40ce-a9b2-bbd40e7e78ae",
              "parentUUID": "04baf747-ee46-41c5-b3ac-a158ba2016d5",
              "isHook": false,
              "skipped": false
            }
          ],
          "suites": [],
          "passes": [
            "7f751f11-77b7-40ce-a9b2-bbd40e7e78ae"
          ],
          "failures": [],
          "pending": [],
          "skipped": [],
          "duration": 1372,
          "root": false,
          "rootEmpty": false,
          "_timeout": 2000
        }
      ],
      "passes": [],
      "failures": [],
      "pending": [],
      "skipped": [],
      "duration": 0,
      "root": true,
      "rootEmpty": true,
      "_timeout": 2000
    }
  ],
  "meta": {
    "mocha": {
      "version": "7.0.1"
    },
    "mochawesome": {
      "options": {
        "quiet": false,
        "reportFilename": "mochawesome",
        "saveHtml": false,
        "saveJson": true,
        "consoleReporter": "spec",
        "useInlineDiffs": false,
        "code": true
      },
      "version": "7.1.3"
    },
    "marge": {
      "options": {
        "id": "default",
        "reportDir": "cypress/results/mochawesome",
        "overwrite": false,
        "html": false,
        "json": true
      },
      "version": "6.2.0"
    }
  }
}