{
  "stats": {
    "suites": 1,
    "tests": 1,
    "passes": 1,
    "pending": 0,
    "failures": 0,
    "start": "2024-03-17T13:53:32.003Z",
    "end": "2024-03-17T13:53:32.777Z",
    "duration": 774,
    "testsRegistered": 1,
    "passPercent": 100,
    "pendingPercent": 0,
    "other": 0,
    "hasOther": false,
    "skipped": 0,
    "hasSkipped": false
  },
  "results": [
    {
      "uuid": "3278752f-a864-4bb4-b21f-cac2192cc6aa",
      "title": "",
      "fullFile": "cypress/e2e/webdriver-uni/mouse-actions.cy.js",
      "file": "cypress/e2e/webdriver-uni/mouse-actions.cy.js",
      "beforeHooks": [],
      "afterHooks": [],
      "tests": [],
      "suites": [
        {
          "uuid": "f42464bf-7067-4da7-9934-861d2c5d5cb5",
          "title": "Test mouse actions",
          "fullFile": "",
          "file": "",
          "beforeHooks": [],
          "afterHooks": [],
          "tests": [
            {
              "title": "I should be able hold down the left mouse click button on given element",
              "fullTitle": "Test mouse actions I should be able hold down the left mouse click button on given element",
              "timedOut": null,
              "duration": 724,
              "state": "passed",
              "speed": "fast",
              "pass": true,
              "fail": false,
              "pending": false,
              "context": null,
              "code": "cy.visit(\"https://webdriveruniversity.com\");\ncy.get(\"#actions\").scrollIntoView().invoke(\"removeAttr\", \"target\").click({\n  force: true\n});\ncy.get(\"#click-box\").trigger(\"mousedown\", {\n  which: 1\n}).then($element => {\n  expect($element).to.have.css(\"background-color\", \"rgb(0, 255, 0)\");\n});",
              "err": {},
              "uuid": "402c9195-47d8-4ed1-9cec-b8b37f67f5ea",
              "parentUUID": "f42464bf-7067-4da7-9934-861d2c5d5cb5",
              "isHook": false,
              "skipped": false
            }
          ],
          "suites": [],
          "passes": [
            "402c9195-47d8-4ed1-9cec-b8b37f67f5ea"
          ],
          "failures": [],
          "pending": [],
          "skipped": [],
          "duration": 724,
          "root": false,
          "rootEmpty": false,
          "_timeout": 2000
        }
      ],
      "passes": [],
      "failures": [],
      "pending": [],
      "skipped": [],
      "duration": 0,
      "root": true,
      "rootEmpty": true,
      "_timeout": 2000
    }
  ],
  "meta": {
    "mocha": {
      "version": "7.0.1"
    },
    "mochawesome": {
      "options": {
        "quiet": false,
        "reportFilename": "mochawesome",
        "saveHtml": false,
        "saveJson": true,
        "consoleReporter": "spec",
        "useInlineDiffs": false,
        "code": true
      },
      "version": "7.1.3"
    },
    "marge": {
      "options": {
        "id": "default",
        "reportDir": "cypress/results/mochawesome",
        "overwrite": false,
        "html": false,
        "json": true
      },
      "version": "6.2.0"
    }
  }
}