{
  "stats": {
    "suites": 1,
    "tests": 1,
    "passes": 1,
    "pending": 0,
    "failures": 0,
    "start": "2024-03-17T13:53:03.761Z",
    "end": "2024-03-17T13:53:06.032Z",
    "duration": 2271,
    "testsRegistered": 1,
    "passPercent": 100,
    "pendingPercent": 0,
    "other": 0,
    "hasOther": false,
    "skipped": 0,
    "hasSkipped": false
  },
  "results": [
    {
      "uuid": "1e92313a-59c2-44ff-9063-9cab6bb0164e",
      "title": "",
      "fullFile": "cypress/e2e/webdriver-uni/browser-navigation.cy.js",
      "file": "cypress/e2e/webdriver-uni/browser-navigation.cy.js",
      "beforeHooks": [],
      "afterHooks": [],
      "tests": [],
      "suites": [
        {
          "uuid": "2be922a7-95ae-4179-930b-09a1c2e56667",
          "title": "Validate webdriveruni homepage links",
          "fullFile": "",
          "file": "",
          "beforeHooks": [],
          "afterHooks": [],
          "tests": [
            {
              "title": "Confirm links redirect to the correct pages",
              "fullTitle": "Validate webdriveruni homepage links Confirm links redirect to the correct pages",
              "timedOut": null,
              "duration": 2222,
              "state": "passed",
              "speed": "fast",
              "pass": true,
              "fail": false,
              "pending": false,
              "context": null,
              "code": "// Navigate to the home page\ncy.visit(\"https://webdriveruniversity.com\");\n// Click on button \"Contact us\", remove attribute _target, click on link\ncy.get(\"#contact-us\").invoke(\"removeAttr\", \"target\").click({\n  force: true\n});\n// Confirm that url contain contactus path\ncy.url().should(\"contain\", \"contactus\");\n// Navigate back to the home page\ncy.go(\"back\");\n// Reload page\ncy.reload();\n// Confirm correct home page url\ncy.url().should(\"contain\", \"https://webdriveruniversity.com\");\n// cy.reload(true);  true forces the reload without cache.\n// Navigate to contact us\ncy.go(\"forward\");\n// Confirm right url \"contactus\"\ncy.url().should(\"contain\", \"contactus\");\n// Navigate back to home page\ncy.go(\"back\");\n// Get Login portal link, remove _target attribute, click\ncy.get(\"#login-portal\").invoke(\"removeAttr\", \"target\").click({\n  force: true\n});\n// Confirm right url link contain \"Login-Portal\"\ncy.url().should(\"contain\", \"Login-Portal\");\n// Navigate back to home page\ncy.go(\"back\");\ncy.get(\"#to-do-list\").invoke(\"removeAttr\", \"target\").click({\n  force: true\n});\ncy.url().should(\"contain\", \"To-Do-List\");\ncy.go(\"back\");",
              "err": {},
              "uuid": "65eabb58-9f66-4fc6-80f5-9ecc72e2c5b2",
              "parentUUID": "2be922a7-95ae-4179-930b-09a1c2e56667",
              "isHook": false,
              "skipped": false
            }
          ],
          "suites": [],
          "passes": [
            "65eabb58-9f66-4fc6-80f5-9ecc72e2c5b2"
          ],
          "failures": [],
          "pending": [],
          "skipped": [],
          "duration": 2222,
          "root": false,
          "rootEmpty": false,
          "_timeout": 2000
        }
      ],
      "passes": [],
      "failures": [],
      "pending": [],
      "skipped": [],
      "duration": 0,
      "root": true,
      "rootEmpty": true,
      "_timeout": 2000
    }
  ],
  "meta": {
    "mocha": {
      "version": "7.0.1"
    },
    "mochawesome": {
      "options": {
        "quiet": false,
        "reportFilename": "mochawesome",
        "saveHtml": false,
        "saveJson": true,
        "consoleReporter": "spec",
        "useInlineDiffs": false,
        "code": true
      },
      "version": "7.1.3"
    },
    "marge": {
      "options": {
        "id": "default",
        "reportDir": "cypress/results/mochawesome",
        "overwrite": false,
        "html": false,
        "json": true
      },
      "version": "6.2.0"
    }
  }
}