{
  "stats": {
    "suites": 1,
    "tests": 1,
    "passes": 1,
    "pending": 0,
    "failures": 0,
    "start": "2024-03-17T14:26:59.491Z",
    "end": "2024-03-17T14:27:00.892Z",
    "duration": 1401,
    "testsRegistered": 1,
    "passPercent": 100,
    "pendingPercent": 0,
    "other": 0,
    "hasOther": false,
    "skipped": 0,
    "hasSkipped": false
  },
  "results": [
    {
      "uuid": "ec02aee0-cf6d-41ac-9501-67d4fbf0f5a3",
      "title": "",
      "fullFile": "cypress/e2e/webdriver-uni/select-dropdown-list.cy.js",
      "file": "cypress/e2e/webdriver-uni/select-dropdown-list.cy.js",
      "beforeHooks": [],
      "afterHooks": [],
      "tests": [],
      "suites": [
        {
          "uuid": "c4129f28-69ec-447e-b8ef-5760536d3de7",
          "title": "Interact with dropdown lists via webdriversuni",
          "fullFile": "",
          "file": "",
          "beforeHooks": [],
          "afterHooks": [],
          "tests": [
            {
              "title": "Select specific value from select dropdown lists",
              "fullTitle": "Interact with dropdown lists via webdriversuni Select specific value from select dropdown lists",
              "timedOut": null,
              "duration": 1347,
              "state": "passed",
              "speed": "fast",
              "pass": true,
              "fail": false,
              "pending": false,
              "context": null,
              "code": "cy.visit(\"https://webdriveruniversity.com\");\ncy.get(\"#dropdown-checkboxes-radiobuttons\").invoke(\"removeAttr\", \"target\").click({\n  force: true\n});\n// Getting all 3 dropdown lists. select value and Text of each selected list\ncy.get(\"#dropdowm-menu-1\").select(\"c#\");\ncy.get(\"#dropdowm-menu-2\").select(\"testng\").should(\"have.value\", \"testng\");\ncy.get(\"#dropdowm-menu-3\").select(\"jquery\").contains(\"JQuery\");\n// Select with value and validate if the value text is correct\ncy.get(\"#dropdowm-menu-2\").select(\"maven\").should(\"have.value\", \"maven\");\n// Select text and validate text of the dropdown the same\ncy.get(\"#dropdowm-menu-2\").contains(\"TestNG\").contains(\"TestNG\");",
              "err": {},
              "uuid": "a661cfc2-3f41-41f2-ae29-519f4f0b5385",
              "parentUUID": "c4129f28-69ec-447e-b8ef-5760536d3de7",
              "isHook": false,
              "skipped": false
            }
          ],
          "suites": [],
          "passes": [
            "a661cfc2-3f41-41f2-ae29-519f4f0b5385"
          ],
          "failures": [],
          "pending": [],
          "skipped": [],
          "duration": 1347,
          "root": false,
          "rootEmpty": false,
          "_timeout": 2000
        }
      ],
      "passes": [],
      "failures": [],
      "pending": [],
      "skipped": [],
      "duration": 0,
      "root": true,
      "rootEmpty": true,
      "_timeout": 2000
    }
  ],
  "meta": {
    "mocha": {
      "version": "7.0.1"
    },
    "mochawesome": {
      "options": {
        "quiet": false,
        "reportFilename": "mochawesome",
        "saveHtml": false,
        "saveJson": true,
        "consoleReporter": "spec",
        "useInlineDiffs": false,
        "code": true
      },
      "version": "7.1.3"
    },
    "marge": {
      "options": {
        "id": "default",
        "reportDir": "cypress/results/mochawesome",
        "overwrite": false,
        "html": false,
        "json": true
      },
      "version": "6.2.0"
    }
  }
}