{
  "stats": {
    "suites": 1,
    "tests": 1,
    "passes": 1,
    "pending": 0,
    "failures": 0,
    "start": "2024-03-17T13:53:29.786Z",
    "end": "2024-03-17T13:53:30.554Z",
    "duration": 768,
    "testsRegistered": 1,
    "passPercent": 100,
    "pendingPercent": 0,
    "other": 0,
    "hasOther": false,
    "skipped": 0,
    "hasSkipped": false
  },
  "results": [
    {
      "uuid": "ccb3fd24-8bce-4ccc-9ec0-8a3fd1652bc9",
      "title": "",
      "fullFile": "cypress/e2e/webdriver-uni/js-alerts.cy.js",
      "file": "cypress/e2e/webdriver-uni/js-alerts.cy.js",
      "beforeHooks": [],
      "afterHooks": [],
      "tests": [],
      "suites": [
        {
          "uuid": "ac0afc6b-ab89-4eb4-aa33-d0a2c8e21f3f",
          "title": "Handle js alerts",
          "fullFile": "",
          "file": "",
          "beforeHooks": [],
          "afterHooks": [],
          "tests": [
            {
              "title": "Validate js confirm box using stub",
              "fullTitle": "Handle js alerts Validate js confirm box using stub",
              "timedOut": null,
              "duration": 709,
              "state": "passed",
              "speed": "fast",
              "pass": true,
              "fail": false,
              "pending": false,
              "context": null,
              "code": "cy.visit(\"https://webdriveruniversity.com\");\ncy.get(\"#popup-alerts\").invoke(\"removeAttr\", \"target\").click({\n  force: true\n});\nconst stub = cy.stub();\ncy.on(\"window:confirm\", stub);\ncy.get(\"#button4\").click().then(() => {\n  expect(stub.getCall(0)).to.be.calledWith(\"Press a button!\");\n}).then(() => {\n  return true;\n}).then(() => {\n  cy.get(\"#confirm-alert-text\").contains(\"You pressed OK!\");\n});",
              "err": {},
              "uuid": "cbe8af5f-0348-4cb6-b46e-f24ab7a42e3d",
              "parentUUID": "ac0afc6b-ab89-4eb4-aa33-d0a2c8e21f3f",
              "isHook": false,
              "skipped": false
            }
          ],
          "suites": [],
          "passes": [
            "cbe8af5f-0348-4cb6-b46e-f24ab7a42e3d"
          ],
          "failures": [],
          "pending": [],
          "skipped": [],
          "duration": 709,
          "root": false,
          "rootEmpty": false,
          "_timeout": 2000
        }
      ],
      "passes": [],
      "failures": [],
      "pending": [],
      "skipped": [],
      "duration": 0,
      "root": true,
      "rootEmpty": true,
      "_timeout": 2000
    }
  ],
  "meta": {
    "mocha": {
      "version": "7.0.1"
    },
    "mochawesome": {
      "options": {
        "quiet": false,
        "reportFilename": "mochawesome",
        "saveHtml": false,
        "saveJson": true,
        "consoleReporter": "spec",
        "useInlineDiffs": false,
        "code": true
      },
      "version": "7.1.3"
    },
    "marge": {
      "options": {
        "id": "default",
        "reportDir": "cypress/results/mochawesome",
        "overwrite": false,
        "html": false,
        "json": true
      },
      "version": "6.2.0"
    }
  }
}