{
  "stats": {
    "suites": 1,
    "tests": 3,
    "passes": 3,
    "pending": 0,
    "failures": 0,
    "start": "2024-03-17T13:53:07.511Z",
    "end": "2024-03-17T13:53:08.827Z",
    "duration": 1316,
    "testsRegistered": 3,
    "passPercent": 100,
    "pendingPercent": 0,
    "other": 0,
    "hasOther": false,
    "skipped": 0,
    "hasSkipped": false
  },
  "results": [
    {
      "uuid": "8340318e-2d43-4296-8926-e91ae17b430c",
      "title": "",
      "fullFile": "cypress/e2e/webdriver-uni/checkboxes.cy.js",
      "file": "cypress/e2e/webdriver-uni/checkboxes.cy.js",
      "beforeHooks": [],
      "afterHooks": [],
      "tests": [],
      "suites": [
        {
          "uuid": "0d833a27-992e-491f-869b-416a5799b3d1",
          "title": "Verify checkboxes via webdriversuni",
          "fullFile": "",
          "file": "",
          "beforeHooks": [],
          "afterHooks": [],
          "tests": [
            {
              "title": "Check and validate checkbox",
              "fullTitle": "Verify checkboxes via webdriversuni Check and validate checkbox",
              "timedOut": null,
              "duration": 588,
              "state": "passed",
              "speed": "fast",
              "pass": true,
              "fail": false,
              "pending": false,
              "context": null,
              "code": "// cy.get(\"#checkboxes > :nth-child(1) > input\").check();\n//cy.get(\"#checkboxes > :nth-child(1) > input\").check().should(\"be.checked\");\n// Improving code\ncy.get(\"#checkboxes > :nth-child(1) > input\").as(\"option-1\");\n//cy.get(\"@option-1\").check();\ncy.get(\"@option-1\").check().should(\"be.checked\");",
              "err": {},
              "uuid": "ed9e8814-dcca-4b57-9e8e-ef0bf4b5fe38",
              "parentUUID": "0d833a27-992e-491f-869b-416a5799b3d1",
              "isHook": false,
              "skipped": false
            },
            {
              "title": "Uncheck and validate checkbox",
              "fullTitle": "Verify checkboxes via webdriversuni Uncheck and validate checkbox",
              "timedOut": null,
              "duration": 266,
              "state": "passed",
              "speed": "fast",
              "pass": true,
              "fail": false,
              "pending": false,
              "context": null,
              "code": "cy.get(\"#checkboxes > :nth-child(5) > input\").as(\"option-3\");\ncy.get(\"@option-3\").uncheck().should(\"not.be.checked\");",
              "err": {},
              "uuid": "4c3cfc16-9450-4002-a409-8ef6539dc090",
              "parentUUID": "0d833a27-992e-491f-869b-416a5799b3d1",
              "isHook": false,
              "skipped": false
            },
            {
              "title": "Check multiple checkboxes with the values",
              "fullTitle": "Verify checkboxes via webdriversuni Check multiple checkboxes with the values",
              "timedOut": null,
              "duration": 426,
              "state": "passed",
              "speed": "fast",
              "pass": true,
              "fail": false,
              "pending": false,
              "context": null,
              "code": "cy.get('[type=\"checkbox\"]').check([\"option-1\", \"option-2\", \"option-3\", \"option-4\"]).should(\"be.checked\");",
              "err": {},
              "uuid": "abfc225c-65c2-4ee2-8da4-4021492a92c5",
              "parentUUID": "0d833a27-992e-491f-869b-416a5799b3d1",
              "isHook": false,
              "skipped": false
            }
          ],
          "suites": [],
          "passes": [
            "ed9e8814-dcca-4b57-9e8e-ef0bf4b5fe38",
            "4c3cfc16-9450-4002-a409-8ef6539dc090",
            "abfc225c-65c2-4ee2-8da4-4021492a92c5"
          ],
          "failures": [],
          "pending": [],
          "skipped": [],
          "duration": 1280,
          "root": false,
          "rootEmpty": false,
          "_timeout": 2000
        }
      ],
      "passes": [],
      "failures": [],
      "pending": [],
      "skipped": [],
      "duration": 0,
      "root": true,
      "rootEmpty": true,
      "_timeout": 2000
    }
  ],
  "meta": {
    "mocha": {
      "version": "7.0.1"
    },
    "mochawesome": {
      "options": {
        "quiet": false,
        "reportFilename": "mochawesome",
        "saveHtml": false,
        "saveJson": true,
        "consoleReporter": "spec",
        "useInlineDiffs": false,
        "code": true
      },
      "version": "7.1.3"
    },
    "marge": {
      "options": {
        "id": "default",
        "reportDir": "cypress/results/mochawesome",
        "overwrite": false,
        "html": false,
        "json": true
      },
      "version": "6.2.0"
    }
  }
}