{
  "stats": {
    "suites": 1,
    "tests": 4,
    "passes": 4,
    "pending": 0,
    "failures": 0,
    "start": "2024-03-19T14:23:17.160Z",
    "end": "2024-03-19T14:23:24.135Z",
    "duration": 6975,
    "testsRegistered": 4,
    "passPercent": 100,
    "pendingPercent": 0,
    "other": 0,
    "hasOther": false,
    "skipped": 0,
    "hasSkipped": false
  },
  "results": [
    {
      "uuid": "998ecc57-9ca3-44c6-b30f-6b1570eb7b6d",
      "title": "",
      "fullFile": "cypress/e2e/automation-test-store/iterate-over-elements.cy.js",
      "file": "cypress/e2e/automation-test-store/iterate-over-elements.cy.js",
      "beforeHooks": [],
      "afterHooks": [],
      "tests": [],
      "suites": [
        {
          "uuid": "e659c89f-b77d-40db-a67e-28a084ed8d1d",
          "title": "Iterate over elements  ",
          "fullFile": "",
          "file": "",
          "beforeHooks": [],
          "afterHooks": [],
          "tests": [
            {
              "title": "Log information of all hair care products",
              "fullTitle": "Iterate over elements   Log information of all hair care products",
              "timedOut": null,
              "duration": 1429,
              "state": "passed",
              "speed": "fast",
              "pass": true,
              "fail": false,
              "pending": false,
              "context": null,
              "code": "cy.get(\".fixed_wrapper .prdocutname\").each(($el, index, $list) => {\n  cy.log(\"Index: \" + index + \" : \" + $el.text());\n});",
              "err": {},
              "uuid": "1ed8611d-b966-459a-81e4-e0ee5ab1c902",
              "parentUUID": "e659c89f-b77d-40db-a67e-28a084ed8d1d",
              "isHook": false,
              "skipped": false
            },
            {
              "title": "Add specific product to basket",
              "fullTitle": "Iterate over elements   Add specific product to basket",
              "timedOut": null,
              "duration": 1156,
              "state": "passed",
              "speed": "fast",
              "pass": true,
              "fail": false,
              "pending": false,
              "context": null,
              "code": "// This code house now in Custom Commands..\n// cy.get(\".fixed_wrapper .prdocutname\").each(($el, index, $list) => {\n//   if ($el.text().includes(\"Curls to straight Shampoo\")) {\n//     cy.wrap($el).click();\n//   }\n// });\ncy.selectProduct(\"Curls to straight Shampoo\");",
              "err": {},
              "uuid": "61f8950f-93b5-41d2-8de2-ccf8051281df",
              "parentUUID": "e659c89f-b77d-40db-a67e-28a084ed8d1d",
              "isHook": false,
              "skipped": false
            },
            {
              "title": "Add another specific product to basket",
              "fullTitle": "Iterate over elements   Add another specific product to basket",
              "timedOut": null,
              "duration": 1127,
              "state": "passed",
              "speed": "fast",
              "pass": true,
              "fail": false,
              "pending": false,
              "context": null,
              "code": "cy.selectProduct(\"Seaweed Conditioner\");",
              "err": {},
              "uuid": "cdf2d500-5242-4829-8a20-d0734d18c9c4",
              "parentUUID": "e659c89f-b77d-40db-a67e-28a084ed8d1d",
              "isHook": false,
              "skipped": false
            },
            {
              "title": "Add Eau Parfumee au The Vert Shampoo product to basket",
              "fullTitle": "Iterate over elements   Add Eau Parfumee au The Vert Shampoo product to basket",
              "timedOut": null,
              "duration": 1697,
              "state": "passed",
              "speed": "fast",
              "pass": true,
              "fail": false,
              "pending": false,
              "context": null,
              "code": "cy.selectProduct(\"Eau Parfumee au The Vert Shampoo\");",
              "err": {},
              "uuid": "d1967aa4-22b4-4031-83db-c3590c2f3f66",
              "parentUUID": "e659c89f-b77d-40db-a67e-28a084ed8d1d",
              "isHook": false,
              "skipped": false
            }
          ],
          "suites": [],
          "passes": [
            "1ed8611d-b966-459a-81e4-e0ee5ab1c902",
            "61f8950f-93b5-41d2-8de2-ccf8051281df",
            "cdf2d500-5242-4829-8a20-d0734d18c9c4",
            "d1967aa4-22b4-4031-83db-c3590c2f3f66"
          ],
          "failures": [],
          "pending": [],
          "skipped": [],
          "duration": 5409,
          "root": false,
          "rootEmpty": false,
          "_timeout": 2000
        }
      ],
      "passes": [],
      "failures": [],
      "pending": [],
      "skipped": [],
      "duration": 0,
      "root": true,
      "rootEmpty": true,
      "_timeout": 2000
    }
  ],
  "meta": {
    "mocha": {
      "version": "7.0.1"
    },
    "mochawesome": {
      "options": {
        "quiet": false,
        "reportFilename": "mochawesome",
        "saveHtml": false,
        "saveJson": true,
        "consoleReporter": "spec",
        "useInlineDiffs": false,
        "code": true
      },
      "version": "7.1.3"
    },
    "marge": {
      "options": {
        "id": "default",
        "reportDir": "cypress/results/mochawesome",
        "overwrite": false,
        "html": false,
        "json": true
      },
      "version": "6.2.0"
    }
  }
}