{
  "stats": {
    "suites": 1,
    "tests": 1,
    "passes": 1,
    "pending": 0,
    "failures": 0,
    "start": "2024-03-19T14:16:01.154Z",
    "end": "2024-03-19T14:16:04.450Z",
    "duration": 3296,
    "testsRegistered": 1,
    "passPercent": 100,
    "pendingPercent": 0,
    "other": 0,
    "hasOther": false,
    "skipped": 0,
    "hasSkipped": false
  },
  "results": [
    {
      "uuid": "fb4537b0-2672-4020-a09d-d6c924bb4b2f",
      "title": "",
      "fullFile": "cypress/e2e/automation-test-store/inspect-item.cy.js",
      "file": "cypress/e2e/automation-test-store/inspect-item.cy.js",
      "beforeHooks": [],
      "afterHooks": [],
      "tests": [],
      "suites": [
        {
          "uuid": "e872e336-9163-4034-95a0-5546b1aab9dc",
          "title": "Inspect Automation Test Store item using chain of commands",
          "fullFile": "",
          "file": "",
          "beforeHooks": [],
          "afterHooks": [],
          "tests": [
            {
              "title": "Click on the first item using item text",
              "fullTitle": "Inspect Automation Test Store item using chain of commands Click on the first item using item text",
              "timedOut": null,
              "duration": 1479,
              "state": "passed",
              "speed": "fast",
              "pass": true,
              "fail": false,
              "pending": false,
              "context": null,
              "code": "cy.get(\".prdocutname\").contains(\"Skinsheen Bronzer Stick\").click().then(function (itemText) {\n  console.log(\"Selected item: \" + itemText.text());\n});",
              "err": {},
              "uuid": "82034699-63f7-421e-a740-8ffa7549cb5f",
              "parentUUID": "e872e336-9163-4034-95a0-5546b1aab9dc",
              "isHook": false,
              "skipped": false
            }
          ],
          "suites": [],
          "passes": [
            "82034699-63f7-421e-a740-8ffa7549cb5f"
          ],
          "failures": [],
          "pending": [],
          "skipped": [],
          "duration": 1479,
          "root": false,
          "rootEmpty": false,
          "_timeout": 2000
        }
      ],
      "passes": [],
      "failures": [],
      "pending": [],
      "skipped": [],
      "duration": 0,
      "root": true,
      "rootEmpty": true,
      "_timeout": 2000
    }
  ],
  "meta": {
    "mocha": {
      "version": "7.0.1"
    },
    "mochawesome": {
      "options": {
        "quiet": false,
        "reportFilename": "mochawesome",
        "saveHtml": false,
        "saveJson": true,
        "consoleReporter": "spec",
        "useInlineDiffs": false,
        "code": true
      },
      "version": "7.1.3"
    },
    "marge": {
      "options": {
        "id": "default",
        "reportDir": "cypress/results/mochawesome",
        "overwrite": false,
        "html": false,
        "json": true
      },
      "version": "6.2.0"
    }
  }
}