{
  "stats": {
    "suites": 1,
    "tests": 1,
    "passes": 1,
    "pending": 0,
    "failures": 0,
    "start": "2024-03-19T14:23:12.265Z",
    "end": "2024-03-19T14:23:15.662Z",
    "duration": 3397,
    "testsRegistered": 1,
    "passPercent": 100,
    "pendingPercent": 0,
    "other": 0,
    "hasOther": false,
    "skipped": 0,
    "hasSkipped": false
  },
  "results": [
    {
      "uuid": "13de910a-0a01-4b49-a471-0aea180fe9d9",
      "title": "",
      "fullFile": "cypress/e2e/automation-test-store/inspect-item.cy.js",
      "file": "cypress/e2e/automation-test-store/inspect-item.cy.js",
      "beforeHooks": [],
      "afterHooks": [],
      "tests": [],
      "suites": [
        {
          "uuid": "f5685398-7293-4b22-b40d-ab05592b869d",
          "title": "Inspect Automation Test Store item using chain of commands",
          "fullFile": "",
          "file": "",
          "beforeHooks": [],
          "afterHooks": [],
          "tests": [
            {
              "title": "Click on the first item using item text",
              "fullTitle": "Inspect Automation Test Store item using chain of commands Click on the first item using item text",
              "timedOut": null,
              "duration": 1838,
              "state": "passed",
              "speed": "fast",
              "pass": true,
              "fail": false,
              "pending": false,
              "context": null,
              "code": "cy.get(\".prdocutname\").contains(\"Skinsheen Bronzer Stick\").click().then(function (itemText) {\n  console.log(\"Selected item: \" + itemText.text());\n});",
              "err": {},
              "uuid": "6198f31e-d8c9-4d63-ac6d-c245f1c62dcf",
              "parentUUID": "f5685398-7293-4b22-b40d-ab05592b869d",
              "isHook": false,
              "skipped": false
            }
          ],
          "suites": [],
          "passes": [
            "6198f31e-d8c9-4d63-ac6d-c245f1c62dcf"
          ],
          "failures": [],
          "pending": [],
          "skipped": [],
          "duration": 1838,
          "root": false,
          "rootEmpty": false,
          "_timeout": 2000
        }
      ],
      "passes": [],
      "failures": [],
      "pending": [],
      "skipped": [],
      "duration": 0,
      "root": true,
      "rootEmpty": true,
      "_timeout": 2000
    }
  ],
  "meta": {
    "mocha": {
      "version": "7.0.1"
    },
    "mochawesome": {
      "options": {
        "quiet": false,
        "reportFilename": "mochawesome",
        "saveHtml": false,
        "saveJson": true,
        "consoleReporter": "spec",
        "useInlineDiffs": false,
        "code": true
      },
      "version": "7.1.3"
    },
    "marge": {
      "options": {
        "id": "default",
        "reportDir": "cypress/results/mochawesome",
        "overwrite": false,
        "html": false,
        "json": true
      },
      "version": "6.2.0"
    }
  }
}