{
  "stats": {
    "suites": 1,
    "tests": 1,
    "passes": 1,
    "pending": 0,
    "failures": 0,
    "start": "2024-03-17T13:53:22.955Z",
    "end": "2024-03-17T13:53:25.236Z",
    "duration": 2281,
    "testsRegistered": 1,
    "passPercent": 100,
    "pendingPercent": 0,
    "other": 0,
    "hasOther": false,
    "skipped": 0,
    "hasSkipped": false
  },
  "results": [
    {
      "uuid": "0e3f5f1f-5a60-4342-9bc0-3dd39a24e61c",
      "title": "",
      "fullFile": "cypress/e2e/webdriver-uni/file-upload.cy.js",
      "file": "cypress/e2e/webdriver-uni/file-upload.cy.js",
      "beforeHooks": [],
      "afterHooks": [],
      "tests": [],
      "suites": [
        {
          "uuid": "591da24f-e53a-443d-933d-d7b87d8da332",
          "title": "Test File upload via webdriveruni",
          "fullFile": "",
          "file": "",
          "beforeHooks": [],
          "afterHooks": [],
          "tests": [
            {
              "title": "Upload No file...",
              "fullTitle": "Test File upload via webdriveruni Upload No file...",
              "timedOut": null,
              "duration": 757,
              "state": "passed",
              "speed": "fast",
              "pass": true,
              "fail": false,
              "pending": false,
              "context": null,
              "code": "cy.visit(\"http://www.webdriveruniversity.com\");\ncy.get(\"#file-upload\").invoke(\"removeAttr\", \"target\").click({\n  force: true\n});\ncy.get(\"#submit-button\").click();\ncy.on(\"window:alert\", str => {\n  expect(str).to.eq(\"You need to select a file to upload!\");\n});",
              "err": {},
              "uuid": "4c1617fb-cf53-4382-9789-83a928cbf955",
              "parentUUID": "591da24f-e53a-443d-933d-d7b87d8da332",
              "isHook": false,
              "skipped": false
            }
          ],
          "suites": [],
          "passes": [
            "4c1617fb-cf53-4382-9789-83a928cbf955"
          ],
          "failures": [],
          "pending": [],
          "skipped": [],
          "duration": 757,
          "root": false,
          "rootEmpty": false,
          "_timeout": 2000
        }
      ],
      "passes": [],
      "failures": [],
      "pending": [],
      "skipped": [],
      "duration": 0,
      "root": true,
      "rootEmpty": true,
      "_timeout": 2000
    }
  ],
  "meta": {
    "mocha": {
      "version": "7.0.1"
    },
    "mochawesome": {
      "options": {
        "quiet": false,
        "reportFilename": "mochawesome",
        "saveHtml": false,
        "saveJson": true,
        "consoleReporter": "spec",
        "useInlineDiffs": false,
        "code": true
      },
      "version": "7.1.3"
    },
    "marge": {
      "options": {
        "id": "default",
        "reportDir": "cypress/results/mochawesome",
        "overwrite": false,
        "html": false,
        "json": true
      },
      "version": "6.2.0"
    }
  }
}