{
  "stats": {
    "suites": 1,
    "tests": 4,
    "passes": 4,
    "pending": 0,
    "failures": 0,
    "start": "2024-03-17T15:22:52.144Z",
    "end": "2024-03-17T15:22:58.484Z",
    "duration": 6340,
    "testsRegistered": 4,
    "passPercent": 100,
    "pendingPercent": 0,
    "other": 0,
    "hasOther": false,
    "skipped": 0,
    "hasSkipped": false
  },
  "results": [
    {
      "uuid": "fc4dd4df-7eaa-47b5-9d1a-c80e5eba5f32",
      "title": "",
      "fullFile": "cypress/e2e/automation-test-store/iterate-over-elements.cy.js",
      "file": "cypress/e2e/automation-test-store/iterate-over-elements.cy.js",
      "beforeHooks": [],
      "afterHooks": [],
      "tests": [],
      "suites": [
        {
          "uuid": "0af2ab98-af13-468e-a839-4103daa0f8c7",
          "title": "Iterate over elements  ",
          "fullFile": "",
          "file": "",
          "beforeHooks": [],
          "afterHooks": [],
          "tests": [
            {
              "title": "Log information of all hair care products",
              "fullTitle": "Iterate over elements   Log information of all hair care products",
              "timedOut": null,
              "duration": 1289,
              "state": "passed",
              "speed": "fast",
              "pass": true,
              "fail": false,
              "pending": false,
              "context": null,
              "code": "cy.get(\".fixed_wrapper .prdocutname\").each(($el, index, $list) => {\n  cy.log(\"Index: \" + index + \" : \" + $el.text());\n});",
              "err": {},
              "uuid": "566af759-31eb-4b1f-96d9-91531f408ffa",
              "parentUUID": "0af2ab98-af13-468e-a839-4103daa0f8c7",
              "isHook": false,
              "skipped": false
            },
            {
              "title": "Add specific product to basket",
              "fullTitle": "Iterate over elements   Add specific product to basket",
              "timedOut": null,
              "duration": 1175,
              "state": "passed",
              "speed": "fast",
              "pass": true,
              "fail": false,
              "pending": false,
              "context": null,
              "code": "// This code house now in Custom Commands..\n// cy.get(\".fixed_wrapper .prdocutname\").each(($el, index, $list) => {\n//   if ($el.text().includes(\"Curls to straight Shampoo\")) {\n//     cy.wrap($el).click();\n//   }\n// });\ncy.selectProduct(\"Curls to straight Shampoo\");",
              "err": {},
              "uuid": "f4b629a9-4e57-45f0-b042-8bba7c46a6de",
              "parentUUID": "0af2ab98-af13-468e-a839-4103daa0f8c7",
              "isHook": false,
              "skipped": false
            },
            {
              "title": "Add another specific product to basket",
              "fullTitle": "Iterate over elements   Add another specific product to basket",
              "timedOut": null,
              "duration": 1277,
              "state": "passed",
              "speed": "fast",
              "pass": true,
              "fail": false,
              "pending": false,
              "context": null,
              "code": "cy.selectProduct(\"Seaweed Conditioner\");",
              "err": {},
              "uuid": "df67ca39-5250-4bc1-9657-79b74c0fdb07",
              "parentUUID": "0af2ab98-af13-468e-a839-4103daa0f8c7",
              "isHook": false,
              "skipped": false
            },
            {
              "title": "Add Eau Parfumee au The Vert Shampoo product to basket",
              "fullTitle": "Iterate over elements   Add Eau Parfumee au The Vert Shampoo product to basket",
              "timedOut": null,
              "duration": 1158,
              "state": "passed",
              "speed": "fast",
              "pass": true,
              "fail": false,
              "pending": false,
              "context": null,
              "code": "cy.selectProduct(\"Eau Parfumee au The Vert Shampoo\");",
              "err": {},
              "uuid": "9936b25d-fad7-44bb-b574-797ebff8cbe1",
              "parentUUID": "0af2ab98-af13-468e-a839-4103daa0f8c7",
              "isHook": false,
              "skipped": false
            }
          ],
          "suites": [],
          "passes": [
            "566af759-31eb-4b1f-96d9-91531f408ffa",
            "f4b629a9-4e57-45f0-b042-8bba7c46a6de",
            "df67ca39-5250-4bc1-9657-79b74c0fdb07",
            "9936b25d-fad7-44bb-b574-797ebff8cbe1"
          ],
          "failures": [],
          "pending": [],
          "skipped": [],
          "duration": 4899,
          "root": false,
          "rootEmpty": false,
          "_timeout": 2000
        }
      ],
      "passes": [],
      "failures": [],
      "pending": [],
      "skipped": [],
      "duration": 0,
      "root": true,
      "rootEmpty": true,
      "_timeout": 2000
    }
  ],
  "meta": {
    "mocha": {
      "version": "7.0.1"
    },
    "mochawesome": {
      "options": {
        "quiet": false,
        "reportFilename": "mochawesome",
        "saveHtml": false,
        "saveJson": true,
        "consoleReporter": "spec",
        "useInlineDiffs": false,
        "code": true
      },
      "version": "7.1.3"
    },
    "marge": {
      "options": {
        "id": "default",
        "reportDir": "cypress/results/mochawesome",
        "overwrite": false,
        "html": false,
        "json": true
      },
      "version": "6.2.0"
    }
  }
}