<?xml version="1.0" encoding="UTF-8"?>
<testsuites name="Mocha Tests" time="2.610" tests="1" failures="0">
  <testsuite name="Root Suite" timestamp="2024-03-17T11:35:19" tests="0" file="cypress/e2e/automation-test-store/alias-invoke.cy.js" time="0.000" failures="0">
  </testsuite>
  <testsuite name="Alias and invoke " timestamp="2024-03-17T11:35:19" tests="1" time="2.587" failures="0">
    <testcase name="Alias and invoke  Calculate of total and sale products" time="1.159" classname="Calculate of total and sale products">
    </testcase>
  </testsuite>
</testsuites>