<?xml version="1.0" encoding="UTF-8"?>
<testsuites name="Mocha Tests" time="3.438" tests="2" failures="0">
  <testsuite name="Root Suite" timestamp="2024-03-17T11:35:09" tests="0" file="cypress/e2e/other/same-origin-policy.cy.js" time="0.000" failures="0">
  </testsuite>
  <testsuite name="Cypress web security" timestamp="2024-03-17T11:35:09" tests="2" time="3.414" failures="0">
    <testcase name="Cypress web security Validate visiting two different domains" time="1.990" classname="Validate visiting two different domains">
    </testcase>
    <testcase name="Cypress web security Validate visiting two different domains via user actions" time="1.402" classname="Validate visiting two different domains via user actions">
    </testcase>
  </testsuite>
</testsuites>