<?xml version="1.0" encoding="UTF-8"?>
<testsuites name="Mocha Tests" time="5.249" tests="1" failures="0">
  <testsuite name="Root Suite" timestamp="2024-03-17T11:35:23" tests="0" file="cypress/e2e/automation-test-store/contact-us.cy.js" time="0.000" failures="0">
  </testsuite>
  <testsuite name="Test Contact Us form via Automation Test Store" timestamp="2024-03-17T11:35:23" tests="1" time="5.225" failures="0">
    <testcase name="Test Contact Us form via Automation Test Store Should be able to submit a successful submission via contact us form" time="3.661" classname="Should be able to submit a successful submission via contact us form">
    </testcase>
  </testsuite>
</testsuites>