<?xml version="1.0" encoding="UTF-8"?>
<testsuites name="Mocha Tests" time="0.131" tests="2" failures="0">
  <testsuite name="Root Suite" timestamp="2024-03-17T11:35:07" tests="0" file="cypress/e2e/other/hooks.cy.js" time="0.000" failures="0">
  </testsuite>
  <testsuite name="Hooks" timestamp="2024-03-17T11:35:07" tests="2" time="0.079" failures="0">
    <testcase name="Hooks Example test1" time="0.061" classname="Example test1">
    </testcase>
    <testcase name="Hooks Example test2" time="0.028" classname="Example test2">
    </testcase>
  </testsuite>
</testsuites>