<?xml version="1.0" encoding="UTF-8"?>
<testsuites name="Mocha Tests" time="3.696" tests="2" failures="0">
  <testsuite name="Root Suite" timestamp="2024-03-17T11:35:56" tests="0" file="cypress/e2e/webdriver-uni/contact-us.cy.js" time="0.000" failures="0">
  </testsuite>
  <testsuite name="Test Contact Us form via WebdriverUni" timestamp="2024-03-17T11:35:56" tests="2" time="3.673" failures="0">
    <testcase name="Test Contact Us form via WebdriverUni Should be able to submit a successful submission vie contact us form" time="2.302" classname="Should be able to submit a successful submission vie contact us form">
    </testcase>
    <testcase name="Test Contact Us form via WebdriverUni Should not be able to submit a successful submission vie contact us form as fields are required " time="1.367" classname="Should not be able to submit a successful submission vie contact us form as fields are required ">
    </testcase>
  </testsuite>
</testsuites>