<?xml version="1.0" encoding="UTF-8"?>
<testsuites name="Mocha Tests" time="6.361" tests="4" failures="0">
  <testsuite name="Root Suite" timestamp="2024-03-17T11:35:34" tests="0" file="cypress/e2e/automation-test-store/iterate-over-elements.cy.js" time="0.000" failures="0">
  </testsuite>
  <testsuite name="Iterate over elements  " timestamp="2024-03-17T11:35:34" tests="4" time="6.336" failures="0">
    <testcase name="Iterate over elements   Log information of all hair care products" time="1.230" classname="Log information of all hair care products">
    </testcase>
    <testcase name="Iterate over elements   Add specific product to basket" time="1.062" classname="Add specific product to basket">
    </testcase>
    <testcase name="Iterate over elements   Add another specific product to basket" time="1.127" classname="Add another specific product to basket">
    </testcase>
    <testcase name="Iterate over elements   Add Eau Parfumee au The Vert Shampoo product to basket" time="1.522" classname="Add Eau Parfumee au The Vert Shampoo product to basket">
    </testcase>
  </testsuite>
</testsuites>